<?xml version="1.0" encoding="UTF-8"?>
<testsuite xmlns:xsi="http://www.w3.org/2001/XMLSchema-instance" xsi:noNamespaceSchemaLocation="https://maven.apache.org/surefire/maven-surefire-plugin/xsd/surefire-test-report-3.0.xsd" version="3.0" name="com.brunogoncalves.phonebook.resource.ContactResourceTest" time="5.22" tests="8" errors="0" skipped="0" failures="0">
  <properties>
[...]
</properties>
  <testcase name="testUpdateContactWithMissingLastName" classname="com.brunogoncalves.phonebook.resource.ContactResourceTest" time="2.744">
    <system-out><![CDATA[17:34:10.363 [main] DEBUG org.eclipse.jetty.util.log - Logging to Logger[org.eclipse.jetty.util.log] via org.eclipse.jetty.util.log.Slf4jLog
17:34:10.368 [main] INFO  org.eclipse.jetty.util.log - Logging initialized @1019ms to org.eclipse.jetty.util.log.Slf4jLog
17:34:11.071 [main] DEBUG org.jboss.logging - Logging Provider: org.jboss.logging.Slf4jLoggerProvider
17:34:11.072 [main] INFO  o.h.validator.internal.util.Version - HV000001: Hibernate Validator 6.0.17.Final
17:34:11.080 [main] DEBUG o.h.v.i.e.r.TraversableResolvers - Cannot find javax.persistence.Persistence on classpath. Assuming non JPA 2 environment. All properties will per default be traversable.
17:34:11.084 [main] DEBUG o.h.v.i.x.config.ValidationXmlParser - Trying to load META-INF/validation.xml for XML based Validator configuration.
17:34:11.085 [main] DEBUG o.h.v.i.x.c.ResourceLoaderHelper - Trying to load META-INF/validation.xml via TCCL
17:34:11.086 [main] DEBUG o.h.v.i.x.c.ResourceLoaderHelper - Trying to load META-INF/validation.xml via Hibernate Validator's class loader
17:34:11.086 [main] DEBUG o.h.v.i.x.config.ValidationXmlParser - No META-INF/validation.xml found. Using annotation based configuration only.
17:34:11.251 [main] DEBUG o.h.v.m.ResourceBundleMessageInterpolator - Loaded expression factory via original TCCL
17:34:11.260 [main] DEBUG o.h.v.i.engine.ValidatorFactoryImpl - HV000234: Using org.hibernate.validator.messageinterpolation.ResourceBundleMessageInterpolator as ValidatorFactory-scoped message interpolator.
17:34:11.261 [main] DEBUG o.h.v.i.engine.ValidatorFactoryImpl - HV000234: Using org.hibernate.validator.internal.engine.resolver.TraverseAllTraversableResolver as ValidatorFactory-scoped traversable resolver.
17:34:11.261 [main] DEBUG o.h.v.i.engine.ValidatorFactoryImpl - HV000234: Using org.hibernate.validator.internal.util.ExecutableParameterNameProvider as ValidatorFactory-scoped parameter name provider.
17:34:11.261 [main] DEBUG o.h.v.i.engine.ValidatorFactoryImpl - HV000234: Using org.hibernate.validator.internal.engine.DefaultClockProvider as ValidatorFactory-scoped clock provider.
17:34:11.261 [main] DEBUG o.h.v.i.engine.ValidatorFactoryImpl - HV000234: Using org.hibernate.validator.internal.engine.scripting.DefaultScriptEvaluatorFactory as ValidatorFactory-scoped script evaluator factory.
17:34:11.347 [main] DEBUG o.e.j.u.component.ContainerLifeCycle - Server@114a85c2{STOPPED}[9.4.17.v20190418] added {JettyConnectorThreadPool[qtp726843606]@2b52c0d6{STOPPED,8<=0<=200,i=0,q=0}[org.eclipse.jetty.util.thread.TryExecutor$$Lambda$157/1967617997@759fad4],AUTO}
17:34:11.431 [main] DEBUG o.e.j.u.component.ContainerLifeCycle - HttpConnectionFactory@5cc5b667[HTTP/1.1] added {HttpConfiguration@61edc883{32768/8192,8192/8192,https://:0,[]},POJO}
17:34:11.435 [main] DEBUG o.e.j.u.component.ContainerLifeCycle - ServerConnector@27e0f2f5{null,[]}{0.0.0.0:0} added {Server@114a85c2{STOPPED}[9.4.17.v20190418],UNMANAGED}
17:34:11.436 [main] DEBUG o.e.j.u.component.ContainerLifeCycle - ServerConnector@27e0f2f5{null,[]}{0.0.0.0:0} added {JettyConnectorThreadPool[qtp726843606]@2b52c0d6{STOPPED,8<=0<=200,i=0,q=0}[org.eclipse.jetty.util.thread.TryExecutor$$Lambda$157/1967617997@759fad4],AUTO}
17:34:11.437 [main] DEBUG o.e.j.u.component.ContainerLifeCycle - ServerConnector@27e0f2f5{null,[]}{0.0.0.0:0} added {ScheduledExecutorScheduler@4eeea57d{STOPPED},AUTO}
17:34:11.437 [main] DEBUG o.e.j.u.component.ContainerLifeCycle - ServerConnector@27e0f2f5{null,[]}{0.0.0.0:0} added {org.eclipse.jetty.io.ArrayByteBufferPool@780ec4a5,POJO}
17:34:11.438 [main] DEBUG o.e.j.u.component.ContainerLifeCycle - ServerConnector@27e0f2f5{null,[http/1.1]}{0.0.0.0:0} added {HttpConnectionFactory@5cc5b667[HTTP/1.1],AUTO}
17:34:11.438 [main] DEBUG o.e.jetty.server.AbstractConnector - ServerConnector@27e0f2f5{HTTP/1.1,[http/1.1]}{0.0.0.0:0} added HttpConnectionFactory@5cc5b667[HTTP/1.1]
17:34:11.444 [main] DEBUG o.e.j.u.component.ContainerLifeCycle - ServerConnector@27e0f2f5{HTTP/1.1,[http/1.1]}{0.0.0.0:0} added {SelectorManager@ServerConnector@27e0f2f5{HTTP/1.1,[http/1.1]}{0.0.0.0:0},MANAGED}
17:34:11.445 [main] DEBUG o.e.j.u.component.ContainerLifeCycle - Server@114a85c2{STOPPED}[9.4.17.v20190418] added {ServerConnector@27e0f2f5{HTTP/1.1,[http/1.1]}{0.0.0.0:9998},AUTO}
17:34:11.446 [main] DEBUG o.e.j.u.component.ContainerLifeCycle - Server@114a85c2{STOPPED}[9.4.17.v20190418] added {JettyHttpContainer@5003041b{STOPPED},MANAGED}
17:34:11.446 [main] DEBUG o.e.j.u.component.AbstractLifeCycle - starting Server@114a85c2{STOPPED}[9.4.17.v20190418]
17:34:11.450 [main] DEBUG o.e.j.u.component.ContainerLifeCycle - Server@114a85c2{STARTING}[9.4.17.v20190418] added {ErrorHandler@78461bc4{STOPPED},AUTO}
17:34:11.452 [main] INFO  org.eclipse.jetty.server.Server - jetty-9.4.17.v20190418; built: 2019-04-18T19:45:35.259Z; git: aa1c656c315c011c01e7b21aabb04066635b9f67; jvm 1.8.0_261-b12
17:34:11.470 [main] DEBUG o.e.j.server.handler.AbstractHandler - starting Server@114a85c2{STARTING}[9.4.17.v20190418]
17:34:11.471 [main] DEBUG o.e.j.u.component.AbstractLifeCycle - starting JettyConnectorThreadPool[qtp726843606]@2b52c0d6{STOPPED,8<=0<=200,i=0,q=0}[org.eclipse.jetty.util.thread.TryExecutor$$Lambda$157/1967617997@759fad4]
17:34:11.473 [main] DEBUG o.e.j.u.t.ReservedThreadExecutor - ReservedThreadExecutor@452e26d0{s=0/4,p=0}
17:34:11.474 [main] DEBUG o.e.j.u.component.ContainerLifeCycle - JettyConnectorThreadPool[qtp726843606]@2b52c0d6{STARTING,8<=0<=200,i=0,q=0}[ReservedThreadExecutor@452e26d0{s=0/4,p=0}] added {ReservedThreadExecutor@452e26d0{s=0/4,p=0},AUTO}
17:34:11.474 [main] DEBUG o.e.j.u.component.AbstractLifeCycle - starting ReservedThreadExecutor@452e26d0{s=0/4,p=0}
17:34:11.478 [main] DEBUG o.e.j.u.component.AbstractLifeCycle - STARTED @2129ms ReservedThreadExecutor@452e26d0{s=0/4,p=0}
17:34:11.479 [main] DEBUG o.e.j.util.thread.QueuedThreadPool - Starting Thread[qtp726843606-12,5,main]
17:34:11.480 [main] DEBUG o.e.j.util.thread.QueuedThreadPool - Starting Thread[qtp726843606-13,5,main]
17:34:11.480 [main] DEBUG o.e.j.util.thread.QueuedThreadPool - Starting Thread[qtp726843606-14,5,main]
17:34:11.481 [main] DEBUG o.e.j.util.thread.QueuedThreadPool - Starting Thread[qtp726843606-15,5,main]
17:34:11.481 [main] DEBUG o.e.j.util.thread.QueuedThreadPool - Starting Thread[qtp726843606-16,5,main]
17:34:11.481 [main] DEBUG o.e.j.util.thread.QueuedThreadPool - Starting Thread[qtp726843606-17,5,main]
17:34:11.482 [main] DEBUG o.e.j.util.thread.QueuedThreadPool - Starting Thread[qtp726843606-18,5,main]
17:34:11.483 [main] DEBUG o.e.j.util.thread.QueuedThreadPool - Starting Thread[qtp726843606-19,5,main]
17:34:11.483 [main] DEBUG o.e.j.u.component.AbstractLifeCycle - STARTED @2135ms JettyConnectorThreadPool[qtp726843606]@2b52c0d6{STARTED,8<=8<=200,i=7,q=0}[ReservedThreadExecutor@452e26d0{s=0/4,p=0}]
17:34:11.484 [main] DEBUG o.e.j.u.component.AbstractLifeCycle - starting JettyHttpContainer@5003041b{STOPPED}
17:34:11.484 [main] DEBUG o.e.j.server.handler.AbstractHandler - starting JettyHttpContainer@5003041b{STARTING}
17:34:11.484 [main] DEBUG o.e.j.u.component.AbstractLifeCycle - STARTED @2136ms JettyHttpContainer@5003041b{STARTED}
17:34:11.484 [main] DEBUG o.e.j.u.component.AbstractLifeCycle - starting ErrorHandler@78461bc4{STOPPED}
17:34:11.484 [main] DEBUG o.e.j.server.handler.AbstractHandler - starting ErrorHandler@78461bc4{STARTING}
17:34:11.484 [main] DEBUG o.e.j.u.component.AbstractLifeCycle - STARTED @2136ms ErrorHandler@78461bc4{STARTED}
17:34:11.485 [main] DEBUG o.e.j.u.component.AbstractLifeCycle - starting ServerConnector@27e0f2f5{HTTP/1.1,[http/1.1]}{0.0.0.0:9998}
17:34:11.517 [main] DEBUG o.e.j.u.component.ContainerLifeCycle - ServerConnector@27e0f2f5{HTTP/1.1,[http/1.1]}{0.0.0.0:9998} added {sun.nio.ch.ServerSocketChannelImpl[/0:0:0:0:0:0:0:0:9998],POJO}
17:34:11.518 [main] DEBUG o.e.j.u.component.AbstractLifeCycle - starting ScheduledExecutorScheduler@4eeea57d{STOPPED}
17:34:11.520 [main] DEBUG o.e.j.u.component.AbstractLifeCycle - STARTED @2171ms ScheduledExecutorScheduler@4eeea57d{STARTED}
17:34:11.520 [main] DEBUG o.e.j.u.component.AbstractLifeCycle - starting HttpConnectionFactory@5cc5b667[HTTP/1.1]
17:34:11.520 [main] DEBUG o.e.j.u.component.AbstractLifeCycle - STARTED @2172ms HttpConnectionFactory@5cc5b667[HTTP/1.1]
17:34:11.520 [main] DEBUG o.e.j.u.component.AbstractLifeCycle - starting SelectorManager@ServerConnector@27e0f2f5{HTTP/1.1,[http/1.1]}{0.0.0.0:9998}
17:34:11.544 [main] DEBUG o.e.j.u.component.ContainerLifeCycle - EatWhatYouKill@1b58ff9e/SelectorProducer@486be205/IDLE/p=false/JettyConnectorThreadPool[qtp726843606]@2b52c0d6{STARTED,8<=8<=200,i=8,q=0}[ReservedThreadExecutor@452e26d0{s=0/4,p=0}][pc=0,pic=0,pec=0,epc=0]@2020-09-27T17:34:11.539+01:00 added {SelectorProducer@486be205,POJO}
17:34:11.545 [main] DEBUG o.e.j.u.component.ContainerLifeCycle - EatWhatYouKill@1b58ff9e/SelectorProducer@486be205/IDLE/p=false/JettyConnectorThreadPool[qtp726843606]@2b52c0d6{STARTED,8<=8<=200,i=8,q=0}[ReservedThreadExecutor@452e26d0{s=0/4,p=0}][pc=0,pic=0,pec=0,epc=0]@2020-09-27T17:34:11.545+01:00 added {JettyConnectorThreadPool[qtp726843606]@2b52c0d6{STARTED,8<=8<=200,i=8,q=0}[ReservedThreadExecutor@452e26d0{s=0/4,p=0}],UNMANAGED}
17:34:11.546 [main] DEBUG o.e.j.u.t.strategy.EatWhatYouKill - EatWhatYouKill@1b58ff9e/SelectorProducer@486be205/IDLE/p=false/JettyConnectorThreadPool[qtp726843606]@2b52c0d6{STARTED,8<=8<=200,i=8,q=0}[ReservedThreadExecutor@452e26d0{s=0/4,p=0}][pc=0,pic=0,pec=0,epc=0]@2020-09-27T17:34:11.545+01:00 created
17:34:11.546 [main] DEBUG o.e.j.u.component.ContainerLifeCycle - ManagedSelector@7d373bcf{STOPPED} id=0 keys=-1 selected=-1 updates=0 added {EatWhatYouKill@1b58ff9e/SelectorProducer@486be205/IDLE/p=false/JettyConnectorThreadPool[qtp726843606]@2b52c0d6{STARTED,8<=8<=200,i=8,q=0}[ReservedThreadExecutor@452e26d0{s=0/4,p=0}][pc=0,pic=0,pec=0,epc=0]@2020-09-27T17:34:11.546+01:00,MANAGED}
17:34:11.547 [main] DEBUG o.e.j.u.component.ContainerLifeCycle - SelectorManager@ServerConnector@27e0f2f5{HTTP/1.1,[http/1.1]}{0.0.0.0:9998} added {ManagedSelector@7d373bcf{STOPPED} id=0 keys=-1 selected=-1 updates=0,AUTO}
17:34:11.547 [main] DEBUG o.e.j.u.component.ContainerLifeCycle - EatWhatYouKill@6d6bc158/SelectorProducer@5dda6f9/IDLE/p=false/JettyConnectorThreadPool[qtp726843606]@2b52c0d6{STARTED,8<=8<=200,i=8,q=0}[ReservedThreadExecutor@452e26d0{s=0/4,p=0}][pc=0,pic=0,pec=0,epc=0]@2020-09-27T17:34:11.547+01:00 added {SelectorProducer@5dda6f9,POJO}
17:34:11.548 [main] DEBUG o.e.j.u.component.ContainerLifeCycle - EatWhatYouKill@6d6bc158/SelectorProducer@5dda6f9/IDLE/p=false/JettyConnectorThreadPool[qtp726843606]@2b52c0d6{STARTED,8<=8<=200,i=8,q=0}[ReservedThreadExecutor@452e26d0{s=0/4,p=0}][pc=0,pic=0,pec=0,epc=0]@2020-09-27T17:34:11.548+01:00 added {JettyConnectorThreadPool[qtp726843606]@2b52c0d6{STARTED,8<=8<=200,i=8,q=0}[ReservedThreadExecutor@452e26d0{s=0/4,p=0}],UNMANAGED}
17:34:11.549 [main] DEBUG o.e.j.u.t.strategy.EatWhatYouKill - EatWhatYouKill@6d6bc158/SelectorProducer@5dda6f9/IDLE/p=false/JettyConnectorThreadPool[qtp726843606]@2b52c0d6{STARTED,8<=8<=200,i=8,q=0}[ReservedThreadExecutor@452e26d0{s=0/4,p=0}][pc=0,pic=0,pec=0,epc=0]@2020-09-27T17:34:11.549+01:00 created
17:34:11.549 [main] DEBUG o.e.j.u.component.ContainerLifeCycle - ManagedSelector@10027fc9{STOPPED} id=1 keys=-1 selected=-1 updates=0 added {EatWhatYouKill@6d6bc158/SelectorProducer@5dda6f9/IDLE/p=false/JettyConnectorThreadPool[qtp726843606]@2b52c0d6{STARTED,8<=8<=200,i=8,q=0}[ReservedThreadExecutor@452e26d0{s=0/4,p=0}][pc=0,pic=0,pec=0,epc=0]@2020-09-27T17:34:11.549+01:00,MANAGED}
17:34:11.553 [main] DEBUG o.e.j.u.component.ContainerLifeCycle - SelectorManager@ServerConnector@27e0f2f5{HTTP/1.1,[http/1.1]}{0.0.0.0:9998} added {ManagedSelector@10027fc9{STOPPED} id=1 keys=-1 selected=-1 updates=0,AUTO}
17:34:11.553 [main] DEBUG o.e.j.u.component.AbstractLifeCycle - starting ManagedSelector@7d373bcf{STOPPED} id=0 keys=-1 selected=-1 updates=0
17:34:11.554 [main] DEBUG o.e.j.u.component.AbstractLifeCycle - starting EatWhatYouKill@1b58ff9e/SelectorProducer@486be205/IDLE/p=false/JettyConnectorThreadPool[qtp726843606]@2b52c0d6{STARTED,8<=8<=200,i=8,q=0}[ReservedThreadExecutor@452e26d0{s=0/4,p=0}][pc=0,pic=0,pec=0,epc=0]@2020-09-27T17:34:11.554+01:00
17:34:11.554 [main] DEBUG o.e.j.u.component.AbstractLifeCycle - STARTED @2206ms EatWhatYouKill@1b58ff9e/SelectorProducer@486be205/IDLE/p=false/JettyConnectorThreadPool[qtp726843606]@2b52c0d6{STARTED,8<=8<=200,i=8,q=0}[ReservedThreadExecutor@452e26d0{s=0/4,p=0}][pc=0,pic=0,pec=0,epc=0]@2020-09-27T17:34:11.554+01:00
17:34:11.564 [main] DEBUG o.e.j.util.thread.QueuedThreadPool - queue org.eclipse.jetty.io.ManagedSelector$$Lambda$175/1736293769@fff25f1
17:34:11.564 [qtp726843606-12] DEBUG o.e.j.util.thread.QueuedThreadPool - run org.eclipse.jetty.io.ManagedSelector$$Lambda$175/1736293769@fff25f1
17:34:11.565 [qtp726843606-12] DEBUG o.e.j.u.t.strategy.EatWhatYouKill - EatWhatYouKill@1b58ff9e/SelectorProducer@486be205/IDLE/p=false/JettyConnectorThreadPool[qtp726843606]@2b52c0d6{STARTED,8<=8<=200,i=7,q=0}[ReservedThreadExecutor@452e26d0{s=0/4,p=0}][pc=0,pic=0,pec=0,epc=0]@2020-09-27T17:34:11.565+01:00 tryProduce false
17:34:11.565 [main] DEBUG org.eclipse.jetty.io.ManagedSelector - Queued change org.eclipse.jetty.io.ManagedSelector$Start@c00fff0 on ManagedSelector@7d373bcf{STARTING} id=0 keys=0 selected=0 updates=0
17:34:11.567 [qtp726843606-12] DEBUG org.eclipse.jetty.io.ManagedSelector - updateable 1
17:34:11.568 [qtp726843606-12] DEBUG org.eclipse.jetty.io.ManagedSelector - update org.eclipse.jetty.io.ManagedSelector$Start@c00fff0
17:34:11.568 [qtp726843606-12] DEBUG org.eclipse.jetty.io.ManagedSelector - updates 0
17:34:11.568 [main] DEBUG o.e.j.u.component.AbstractLifeCycle - STARTED @2220ms ManagedSelector@7d373bcf{STARTED} id=0 keys=0 selected=0 updates=0
17:34:11.568 [qtp726843606-12] DEBUG org.eclipse.jetty.io.ManagedSelector - Selector sun.nio.ch.KQueueSelectorImpl@53e023ce waiting with 0 keys
17:34:11.569 [main] DEBUG o.e.j.u.component.AbstractLifeCycle - starting ManagedSelector@10027fc9{STOPPED} id=1 keys=-1 selected=-1 updates=0
17:34:11.569 [main] DEBUG o.e.j.u.component.AbstractLifeCycle - starting EatWhatYouKill@6d6bc158/SelectorProducer@5dda6f9/IDLE/p=false/JettyConnectorThreadPool[qtp726843606]@2b52c0d6{STARTED,8<=8<=200,i=7,q=0}[ReservedThreadExecutor@452e26d0{s=0/4,p=0}][pc=0,pic=0,pec=0,epc=0]@2020-09-27T17:34:11.569+01:00
17:34:11.570 [main] DEBUG o.e.j.u.component.AbstractLifeCycle - STARTED @2221ms EatWhatYouKill@6d6bc158/SelectorProducer@5dda6f9/IDLE/p=false/JettyConnectorThreadPool[qtp726843606]@2b52c0d6{STARTED,8<=8<=200,i=7,q=0}[ReservedThreadExecutor@452e26d0{s=0/4,p=0}][pc=0,pic=0,pec=0,epc=0]@2020-09-27T17:34:11.57+01:00
17:34:11.570 [main] DEBUG o.e.j.util.thread.QueuedThreadPool - queue org.eclipse.jetty.io.ManagedSelector$$Lambda$175/1736293769@263f04ca
17:34:11.570 [main] DEBUG org.eclipse.jetty.io.ManagedSelector - Queued change org.eclipse.jetty.io.ManagedSelector$Start@2ca47471 on ManagedSelector@10027fc9{STARTING} id=1 keys=0 selected=0 updates=0
17:34:11.570 [qtp726843606-13] DEBUG o.e.j.util.thread.QueuedThreadPool - run org.eclipse.jetty.io.ManagedSelector$$Lambda$175/1736293769@263f04ca
17:34:11.571 [qtp726843606-13] DEBUG o.e.j.u.t.strategy.EatWhatYouKill - EatWhatYouKill@6d6bc158/SelectorProducer@5dda6f9/IDLE/p=false/JettyConnectorThreadPool[qtp726843606]@2b52c0d6{STARTED,8<=8<=200,i=6,q=0}[ReservedThreadExecutor@452e26d0{s=0/4,p=0}][pc=0,pic=0,pec=0,epc=0]@2020-09-27T17:34:11.571+01:00 tryProduce false
17:34:11.571 [qtp726843606-13] DEBUG org.eclipse.jetty.io.ManagedSelector - updateable 1
17:34:11.571 [qtp726843606-13] DEBUG org.eclipse.jetty.io.ManagedSelector - update org.eclipse.jetty.io.ManagedSelector$Start@2ca47471
17:34:11.571 [qtp726843606-13] DEBUG org.eclipse.jetty.io.ManagedSelector - updates 0
17:34:11.571 [qtp726843606-13] DEBUG org.eclipse.jetty.io.ManagedSelector - Selector sun.nio.ch.KQueueSelectorImpl@6c9f5adb waiting with 0 keys
17:34:11.571 [main] DEBUG o.e.j.u.component.AbstractLifeCycle - STARTED @2223ms ManagedSelector@10027fc9{STARTED} id=1 keys=0 selected=0 updates=0
17:34:11.571 [main] DEBUG o.e.j.u.component.AbstractLifeCycle - STARTED @2223ms SelectorManager@ServerConnector@27e0f2f5{HTTP/1.1,[http/1.1]}{0.0.0.0:9998}
17:34:11.573 [main] DEBUG o.e.j.u.component.ContainerLifeCycle - ServerConnector@27e0f2f5{HTTP/1.1,[http/1.1]}{0.0.0.0:9998} added {acceptor-0@f31c0c6,POJO}
17:34:11.573 [main] DEBUG o.e.j.util.thread.QueuedThreadPool - queue acceptor-0@f31c0c6
17:34:11.574 [qtp726843606-14] DEBUG o.e.j.util.thread.QueuedThreadPool - run acceptor-0@f31c0c6
17:34:11.574 [main] INFO  o.e.jetty.server.AbstractConnector - Started ServerConnector@27e0f2f5{HTTP/1.1,[http/1.1]}{0.0.0.0:9998}
17:34:11.574 [main] DEBUG o.e.j.u.component.AbstractLifeCycle - STARTED @2226ms ServerConnector@27e0f2f5{HTTP/1.1,[http/1.1]}{0.0.0.0:9998}
17:34:11.574 [main] INFO  org.eclipse.jetty.server.Server - Started @2226ms
17:34:11.574 [main] DEBUG o.e.j.u.component.AbstractLifeCycle - STARTED @2226ms Server@114a85c2{STARTED}[9.4.17.v20190418]
17:34:11.711 [qtp726843606-14-acceptor-0@f31c0c6-ServerConnector@27e0f2f5{HTTP/1.1,[http/1.1]}{0.0.0.0:9998}] DEBUG org.eclipse.jetty.io.ManagedSelector - Queued change org.eclipse.jetty.io.ManagedSelector$Accept@76a123c0 on ManagedSelector@10027fc9{STARTED} id=1 keys=0 selected=0 updates=0
17:34:11.712 [qtp726843606-14-acceptor-0@f31c0c6-ServerConnector@27e0f2f5{HTTP/1.1,[http/1.1]}{0.0.0.0:9998}] DEBUG org.eclipse.jetty.io.ManagedSelector - Wakeup on submit ManagedSelector@10027fc9{STARTED} id=1 keys=0 selected=0 updates=1
17:34:11.714 [qtp726843606-13] DEBUG org.eclipse.jetty.io.ManagedSelector - Selector sun.nio.ch.KQueueSelectorImpl@6c9f5adb woken with none selected
17:34:11.714 [qtp726843606-13] DEBUG org.eclipse.jetty.io.ManagedSelector - Selector sun.nio.ch.KQueueSelectorImpl@6c9f5adb woken up from select, 0/0/0 selected
17:34:11.714 [qtp726843606-13] DEBUG org.eclipse.jetty.io.ManagedSelector - Selector sun.nio.ch.KQueueSelectorImpl@6c9f5adb processing 0 keys, 1 updates
17:34:11.715 [qtp726843606-13] DEBUG org.eclipse.jetty.io.ManagedSelector - updateable 1
17:34:11.715 [qtp726843606-13] DEBUG org.eclipse.jetty.io.ManagedSelector - update org.eclipse.jetty.io.ManagedSelector$Accept@76a123c0
17:34:11.715 [qtp726843606-13] DEBUG o.e.j.util.thread.QueuedThreadPool - queue org.eclipse.jetty.io.ManagedSelector$Accept@76a123c0
17:34:11.715 [qtp726843606-13] DEBUG org.eclipse.jetty.io.ManagedSelector - updates 0
17:34:11.715 [qtp726843606-15] DEBUG o.e.j.util.thread.QueuedThreadPool - run org.eclipse.jetty.io.ManagedSelector$Accept@76a123c0
17:34:11.716 [qtp726843606-13] DEBUG org.eclipse.jetty.io.ManagedSelector - Selector sun.nio.ch.KQueueSelectorImpl@6c9f5adb waiting with 1 keys
17:34:11.726 [qtp726843606-15] DEBUG org.eclipse.jetty.io.IdleTimeout - SocketChannelEndPoint@3aeaeee4{/127.0.0.1:55182<->/127.0.0.1:9998,OPEN,fill=-,flush=-,to=6/30000}{io=0/0,kio=0,kro=0}-><null> idle timeout check, elapsed: 6 ms, remaining: 29994 ms
17:34:11.735 [qtp726843606-15] DEBUG o.e.jetty.http.PreEncodedHttpField - HttpField encoders loaded: [org.eclipse.jetty.http.Http1FieldPreEncoder@5a455355]
17:34:11.771 [qtp726843606-15] DEBUG org.eclipse.jetty.server.HttpChannel - new HttpChannelOverHttp@3ad9a6c5{r=0,c=false,c=false/false,a=IDLE,uri=null,age=0} -> SocketChannelEndPoint@3aeaeee4{/127.0.0.1:55182<->/127.0.0.1:9998,OPEN,fill=-,flush=-,to=50/30000}{io=0/0,kio=0,kro=0}-><null>,null,HttpChannelState@76272f13{s=IDLE a=NOT_ASYNC i=true r=IDLE w=false}
17:34:11.777 [qtp726843606-15] DEBUG o.e.jetty.server.HttpConnection - New HTTP Connection HttpConnection@767e3836::SocketChannelEndPoint@3aeaeee4{/127.0.0.1:55182<->/127.0.0.1:9998,OPEN,fill=-,flush=-,to=57/30000}{io=0/0,kio=0,kro=0}-><null>
17:34:11.778 [qtp726843606-15] DEBUG o.eclipse.jetty.io.AbstractEndPoint - onOpen SocketChannelEndPoint@3aeaeee4{/127.0.0.1:55182<->/127.0.0.1:9998,OPEN,fill=-,flush=-,to=58/30000}{io=0/0,kio=0,kro=0}->HttpConnection@767e3836[p=HttpParser{s=START,0 of -1},g=HttpGenerator@4a1abee6{s=START}]=>HttpChannelOverHttp@3ad9a6c5{r=0,c=false,c=false/false,a=IDLE,uri=null,age=0}
17:34:11.779 [qtp726843606-15] DEBUG o.e.jetty.io.AbstractConnection - onOpen HttpConnection@767e3836::SocketChannelEndPoint@3aeaeee4{/127.0.0.1:55182<->/127.0.0.1:9998,OPEN,fill=-,flush=-,to=59/30000}{io=0/0,kio=0,kro=0}->HttpConnection@767e3836[p=HttpParser{s=START,0 of -1},g=HttpGenerator@4a1abee6{s=START}]=>HttpChannelOverHttp@3ad9a6c5{r=0,c=false,c=false/false,a=IDLE,uri=null,age=0}
17:34:11.779 [qtp726843606-15] DEBUG o.e.jetty.io.AbstractConnection - fillInterested HttpConnection@767e3836::SocketChannelEndPoint@3aeaeee4{/127.0.0.1:55182<->/127.0.0.1:9998,OPEN,fill=-,flush=-,to=59/30000}{io=0/0,kio=0,kro=0}->HttpConnection@767e3836[p=HttpParser{s=START,0 of -1},g=HttpGenerator@4a1abee6{s=START}]=>HttpChannelOverHttp@3ad9a6c5{r=0,c=false,c=false/false,a=IDLE,uri=null,age=0}
17:34:11.780 [qtp726843606-15] DEBUG org.eclipse.jetty.io.FillInterest - interested FillInterest@4d22901b{AC.ReadCB@767e3836{HttpConnection@767e3836::SocketChannelEndPoint@3aeaeee4{/127.0.0.1:55182<->/127.0.0.1:9998,OPEN,fill=FI,flush=-,to=0/30000}{io=0/0,kio=0,kro=0}->HttpConnection@767e3836[p=HttpParser{s=START,0 of -1},g=HttpGenerator@4a1abee6{s=START}]=>HttpChannelOverHttp@3ad9a6c5{r=0,c=false,c=false/false,a=IDLE,uri=null,age=0}}}
17:34:11.781 [qtp726843606-15] DEBUG org.eclipse.jetty.io.ChannelEndPoint - changeInterests p=false 0->1 for SocketChannelEndPoint@3aeaeee4{/127.0.0.1:55182<->/127.0.0.1:9998,OPEN,fill=FI,flush=-,to=0/30000}{io=0/1,kio=0,kro=0}->HttpConnection@767e3836[p=HttpParser{s=START,0 of -1},g=HttpGenerator@4a1abee6{s=START}]=>HttpChannelOverHttp@3ad9a6c5{r=0,c=false,c=false/false,a=IDLE,uri=null,age=0}
17:34:11.781 [qtp726843606-15] DEBUG org.eclipse.jetty.io.ManagedSelector - Queued change org.eclipse.jetty.io.ChannelEndPoint$1@48af63c3 on ManagedSelector@10027fc9{STARTED} id=1 keys=1 selected=0 updates=0
17:34:11.781 [qtp726843606-15] DEBUG org.eclipse.jetty.io.ManagedSelector - Wakeup on submit ManagedSelector@10027fc9{STARTED} id=1 keys=1 selected=0 updates=1
17:34:11.781 [qtp726843606-13] DEBUG org.eclipse.jetty.io.ManagedSelector - Selector sun.nio.ch.KQueueSelectorImpl@6c9f5adb woken with none selected
17:34:11.781 [qtp726843606-13] DEBUG org.eclipse.jetty.io.ManagedSelector - Selector sun.nio.ch.KQueueSelectorImpl@6c9f5adb woken up from select, 0/0/1 selected
17:34:11.782 [qtp726843606-13] DEBUG org.eclipse.jetty.io.ManagedSelector - Selector sun.nio.ch.KQueueSelectorImpl@6c9f5adb processing 0 keys, 1 updates
17:34:11.782 [qtp726843606-15] DEBUG org.eclipse.jetty.io.ManagedSelector - Created SocketChannelEndPoint@3aeaeee4{/127.0.0.1:55182<->/127.0.0.1:9998,OPEN,fill=FI,flush=-,to=1/30000}{io=0/1,kio=0,kro=0}->HttpConnection@767e3836[p=HttpParser{s=START,0 of -1},g=HttpGenerator@4a1abee6{s=START}]=>HttpChannelOverHttp@3ad9a6c5{r=0,c=false,c=false/false,a=IDLE,uri=null,age=0}
17:34:11.782 [qtp726843606-15] DEBUG o.e.j.util.thread.QueuedThreadPool - ran org.eclipse.jetty.io.ManagedSelector$Accept@76a123c0
17:34:11.782 [qtp726843606-13] DEBUG org.eclipse.jetty.io.ManagedSelector - updateable 1
17:34:11.782 [qtp726843606-13] DEBUG org.eclipse.jetty.io.ManagedSelector - update org.eclipse.jetty.io.ChannelEndPoint$1@48af63c3
17:34:11.783 [qtp726843606-13] DEBUG org.eclipse.jetty.io.ChannelEndPoint - Key interests updated 0 -> 1 on SocketChannelEndPoint@3aeaeee4{/127.0.0.1:55182<->/127.0.0.1:9998,OPEN,fill=FI,flush=-,to=2/30000}{io=1/1,kio=1,kro=0}->HttpConnection@767e3836[p=HttpParser{s=START,0 of -1},g=HttpGenerator@4a1abee6{s=START}]=>HttpChannelOverHttp@3ad9a6c5{r=0,c=false,c=false/false,a=IDLE,uri=null,age=0}
17:34:11.783 [qtp726843606-13] DEBUG org.eclipse.jetty.io.ManagedSelector - updates 0
17:34:11.783 [qtp726843606-13] DEBUG org.eclipse.jetty.io.ManagedSelector - Selector sun.nio.ch.KQueueSelectorImpl@6c9f5adb waiting with 1 keys
17:34:11.783 [qtp726843606-13] DEBUG org.eclipse.jetty.io.ManagedSelector - Selector sun.nio.ch.KQueueSelectorImpl@6c9f5adb woken up from select, 1/1/1 selected
17:34:11.783 [qtp726843606-13] DEBUG org.eclipse.jetty.io.ManagedSelector - Selector sun.nio.ch.KQueueSelectorImpl@6c9f5adb processing 1 keys, 0 updates
17:34:11.784 [qtp726843606-13] DEBUG org.eclipse.jetty.io.ManagedSelector - selected 1 sun.nio.ch.SelectionKeyImpl@666731ab SocketChannelEndPoint@3aeaeee4{/127.0.0.1:55182<->/127.0.0.1:9998,OPEN,fill=FI,flush=-,to=3/30000}{io=1/1,kio=1,kro=1}->HttpConnection@767e3836[p=HttpParser{s=START,0 of -1},g=HttpGenerator@4a1abee6{s=START}]=>HttpChannelOverHttp@3ad9a6c5{r=0,c=false,c=false/false,a=IDLE,uri=null,age=0} 
17:34:11.784 [qtp726843606-13] DEBUG org.eclipse.jetty.io.ChannelEndPoint - onSelected 1->0 r=true w=false for SocketChannelEndPoint@3aeaeee4{/127.0.0.1:55182<->/127.0.0.1:9998,OPEN,fill=FI,flush=-,to=4/30000}{io=1/0,kio=1,kro=1}->HttpConnection@767e3836[p=HttpParser{s=START,0 of -1},g=HttpGenerator@4a1abee6{s=START}]=>HttpChannelOverHttp@3ad9a6c5{r=0,c=false,c=false/false,a=IDLE,uri=null,age=0}
17:34:11.785 [qtp726843606-13] DEBUG org.eclipse.jetty.io.ChannelEndPoint - task CEP:SocketChannelEndPoint@3aeaeee4{/127.0.0.1:55182<->/127.0.0.1:9998,OPEN,fill=FI,flush=-,to=4/30000}{io=1/0,kio=1,kro=1}->HttpConnection@767e3836[p=HttpParser{s=START,0 of -1},g=HttpGenerator@4a1abee6{s=START}]=>HttpChannelOverHttp@3ad9a6c5{r=0,c=false,c=false/false,a=IDLE,uri=null,age=0}:runFillable:BLOCKING
17:34:11.785 [qtp726843606-13] DEBUG o.e.j.u.t.ReservedThreadExecutor - ReservedThreadExecutor@452e26d0{s=0/4,p=0} tryExecute EatWhatYouKill@6d6bc158/SelectorProducer@5dda6f9/PRODUCING/p=false/JettyConnectorThreadPool[qtp726843606]@2b52c0d6{STARTED,8<=8<=200,i=5,q=0}[ReservedThreadExecutor@452e26d0{s=0/4,p=0}][pc=0,pic=0,pec=0,epc=0]@2020-09-27T17:34:11.785+01:00
17:34:11.785 [qtp726843606-13] DEBUG o.e.j.u.t.ReservedThreadExecutor - ReservedThreadExecutor@452e26d0{s=0/4,p=1} startReservedThread p=1
17:34:11.786 [qtp726843606-13] DEBUG o.e.j.util.thread.QueuedThreadPool - queue ReservedThreadExecutor@452e26d0{s=0/4,p=1}@128c02d0
17:34:11.787 [qtp726843606-16] DEBUG o.e.j.util.thread.QueuedThreadPool - run ReservedThreadExecutor@452e26d0{s=0/4,p=1}@128c02d0
17:34:11.787 [qtp726843606-16] DEBUG o.e.j.u.t.ReservedThreadExecutor - ReservedThreadExecutor@452e26d0{s=1/4,p=1}@128c02d0 started
17:34:11.787 [qtp726843606-16] DEBUG o.e.j.u.t.ReservedThreadExecutor - ReservedThreadExecutor@452e26d0{s=1/4,p=0}@128c02d0 waiting
17:34:11.788 [qtp726843606-13] DEBUG o.e.j.u.t.strategy.EatWhatYouKill - EatWhatYouKill@6d6bc158/SelectorProducer@5dda6f9/PRODUCING/p=false/JettyConnectorThreadPool[qtp726843606]@2b52c0d6{STARTED,8<=8<=200,i=4,q=0}[ReservedThreadExecutor@452e26d0{s=1/4,p=1}][pc=0,pic=0,pec=0,epc=0]@2020-09-27T17:34:11.787+01:00 m=PRODUCE_EXECUTE_CONSUME t=CEP:SocketChannelEndPoint@3aeaeee4{/127.0.0.1:55182<->/127.0.0.1:9998,OPEN,fill=FI,flush=-,to=7/30000}{io=1/0,kio=1,kro=1}->HttpConnection@767e3836[p=HttpParser{s=START,0 of -1},g=HttpGenerator@4a1abee6{s=START}]=>HttpChannelOverHttp@3ad9a6c5{r=0,c=false,c=false/false,a=IDLE,uri=null,age=0}:runFillable:BLOCKING/BLOCKING
17:34:11.788 [qtp726843606-13] DEBUG o.e.j.util.thread.QueuedThreadPool - queue CEP:SocketChannelEndPoint@3aeaeee4{/127.0.0.1:55182<->/127.0.0.1:9998,OPEN,fill=FI,flush=-,to=8/30000}{io=1/0,kio=1,kro=1}->HttpConnection@767e3836[p=HttpParser{s=START,0 of -1},g=HttpGenerator@4a1abee6{s=START}]=>HttpChannelOverHttp@3ad9a6c5{r=0,c=false,c=false/false,a=IDLE,uri=null,age=0}:runFillable:BLOCKING
17:34:11.788 [qtp726843606-13] DEBUG org.eclipse.jetty.io.ManagedSelector - updateable 0
17:34:11.788 [qtp726843606-13] DEBUG org.eclipse.jetty.io.ManagedSelector - updates 0
17:34:11.789 [qtp726843606-17] DEBUG o.e.j.util.thread.QueuedThreadPool - run CEP:SocketChannelEndPoint@3aeaeee4{/127.0.0.1:55182<->/127.0.0.1:9998,OPEN,fill=FI,flush=-,to=8/30000}{io=1/0,kio=1,kro=1}->HttpConnection@767e3836[p=HttpParser{s=START,0 of -1},g=HttpGenerator@4a1abee6{s=START}]=>HttpChannelOverHttp@3ad9a6c5{r=0,c=false,c=false/false,a=IDLE,uri=null,age=0}:runFillable:BLOCKING
17:34:11.789 [qtp726843606-17] DEBUG org.eclipse.jetty.io.FillInterest - fillable FillInterest@4d22901b{AC.ReadCB@767e3836{HttpConnection@767e3836::SocketChannelEndPoint@3aeaeee4{/127.0.0.1:55182<->/127.0.0.1:9998,OPEN,fill=FI,flush=-,to=9/30000}{io=1/0,kio=1,kro=1}->HttpConnection@767e3836[p=HttpParser{s=START,0 of -1},g=HttpGenerator@4a1abee6{s=START}]=>HttpChannelOverHttp@3ad9a6c5{r=0,c=false,c=false/false,a=IDLE,uri=null,age=0}}}
17:34:11.790 [qtp726843606-13] DEBUG org.eclipse.jetty.io.ChannelEndPoint - Key interests updated 1 -> 0 on SocketChannelEndPoint@3aeaeee4{/127.0.0.1:55182<->/127.0.0.1:9998,OPEN,fill=FI,flush=-,to=9/30000}{io=0/0,kio=0,kro=1}->HttpConnection@767e3836[p=HttpParser{s=START,0 of -1},g=HttpGenerator@4a1abee6{s=START}]=>HttpChannelOverHttp@3ad9a6c5{r=0,c=false,c=false/false,a=IDLE,uri=null,age=0}
17:34:11.790 [qtp726843606-17] DEBUG o.e.jetty.server.HttpConnection - HttpConnection@767e3836::SocketChannelEndPoint@3aeaeee4{/127.0.0.1:55182<->/127.0.0.1:9998,OPEN,fill=-,flush=-,to=9/30000}{io=0/0,kio=0,kro=1}->HttpConnection@767e3836[p=HttpParser{s=START,0 of -1},g=HttpGenerator@4a1abee6{s=START}]=>HttpChannelOverHttp@3ad9a6c5{r=0,c=false,c=false/false,a=IDLE,uri=null,age=0} onFillable enter HttpChannelState@76272f13{s=IDLE a=NOT_ASYNC i=true r=IDLE w=false} null
17:34:11.790 [qtp726843606-13] DEBUG org.eclipse.jetty.io.ManagedSelector - Selector sun.nio.ch.KQueueSelectorImpl@6c9f5adb waiting with 1 keys
17:34:11.797 [qtp726843606-17] DEBUG org.eclipse.jetty.io.ChannelEndPoint - filled 306 HeapByteBuffer@6bab1efc[p=0,l=306,c=8192,r=306]={<<<PUT /contact HTTP...+39 23 123456"}>>>\x00\x00\x00\x00\x00\x00\x00\x00\x00\x00\x00\x00\x00\x00\x00\x00\x00...\x00\x00\x00\x00\x00\x00\x00\x00\x00\x00\x00\x00\x00\x00\x00}
17:34:11.798 [qtp726843606-17] DEBUG o.e.jetty.server.HttpConnection - HttpConnection@767e3836::SocketChannelEndPoint@3aeaeee4{/127.0.0.1:55182<->/127.0.0.1:9998,OPEN,fill=-,flush=-,to=4/30000}{io=0/0,kio=0,kro=1}->HttpConnection@767e3836[p=HttpParser{s=START,0 of -1},g=HttpGenerator@4a1abee6{s=START}]=>HttpChannelOverHttp@3ad9a6c5{r=0,c=false,c=false/false,a=IDLE,uri=null,age=0} filled 306 HeapByteBuffer@6bab1efc[p=0,l=306,c=8192,r=306]={<<<PUT /contact HTTP...+39 23 123456"}>>>\x00\x00\x00\x00\x00\x00\x00\x00\x00\x00\x00\x00\x00\x00\x00\x00\x00...\x00\x00\x00\x00\x00\x00\x00\x00\x00\x00\x00\x00\x00\x00\x00}
17:34:11.798 [qtp726843606-17] DEBUG o.e.jetty.server.HttpConnection - HttpConnection@767e3836::SocketChannelEndPoint@3aeaeee4{/127.0.0.1:55182<->/127.0.0.1:9998,OPEN,fill=-,flush=-,to=5/30000}{io=0/0,kio=0,kro=1}->HttpConnection@767e3836[p=HttpParser{s=START,0 of -1},g=HttpGenerator@4a1abee6{s=START}]=>HttpChannelOverHttp@3ad9a6c5{r=0,c=false,c=false/false,a=IDLE,uri=null,age=0} parse HeapByteBuffer@6bab1efc[p=0,l=306,c=8192,r=306]={<<<PUT /contact HTTP...+39 23 123456"}>>>\x00\x00\x00\x00\x00\x00\x00\x00\x00\x00\x00\x00\x00\x00\x00\x00\x00...\x00\x00\x00\x00\x00\x00\x00\x00\x00\x00\x00\x00\x00\x00\x00} {}
17:34:11.798 [qtp726843606-17] DEBUG org.eclipse.jetty.http.HttpParser - parseNext s=START HeapByteBuffer@6bab1efc[p=0,l=306,c=8192,r=306]={<<<PUT /contact HTTP...+39 23 123456"}>>>\x00\x00\x00\x00\x00\x00\x00\x00\x00\x00\x00\x00\x00\x00\x00\x00\x00...\x00\x00\x00\x00\x00\x00\x00\x00\x00\x00\x00\x00\x00\x00\x00}
17:34:11.799 [qtp726843606-17] DEBUG org.eclipse.jetty.http.HttpParser - START --> SPACE1
17:34:11.802 [qtp726843606-17] DEBUG org.eclipse.jetty.http.HttpParser - SPACE1 --> URI
17:34:11.802 [qtp726843606-17] DEBUG org.eclipse.jetty.http.HttpParser - URI --> SPACE2
17:34:11.802 [qtp726843606-17] DEBUG org.eclipse.jetty.http.HttpParser - SPACE2 --> REQUEST_VERSION
17:34:11.802 [qtp726843606-17] DEBUG org.eclipse.jetty.http.HttpParser - REQUEST_VERSION --> HEADER
17:34:11.803 [qtp726843606-17] DEBUG org.eclipse.jetty.http.HttpParser - HEADER:Content-Type: application/json --> IN_VALUE
17:34:11.803 [qtp726843606-17] DEBUG org.eclipse.jetty.http.HttpParser - HEADER:Content-Type: application/json --> FIELD
17:34:11.804 [qtp726843606-17] DEBUG org.eclipse.jetty.http.HttpParser - HEADER:User-Agent --> VALUE
17:34:11.804 [qtp726843606-17] DEBUG org.eclipse.jetty.http.HttpParser - HEADER:User-Agent --> IN_VALUE
17:34:11.804 [qtp726843606-17] DEBUG org.eclipse.jetty.http.HttpParser - HEADER:User-Agent --> FIELD
17:34:11.804 [qtp726843606-17] DEBUG org.eclipse.jetty.http.HttpParser - HEADER:Host --> VALUE
17:34:11.804 [qtp726843606-17] DEBUG org.eclipse.jetty.http.HttpParser - HEADER:Host --> IN_VALUE
17:34:11.804 [qtp726843606-17] DEBUG org.eclipse.jetty.http.HttpParser - HEADER:Host --> FIELD
17:34:11.806 [qtp726843606-17] DEBUG org.eclipse.jetty.http.HttpParser - HEADER:Accept --> VALUE
17:34:11.806 [qtp726843606-17] DEBUG org.eclipse.jetty.http.HttpParser - HEADER:Accept --> IN_VALUE
17:34:11.806 [qtp726843606-17] DEBUG org.eclipse.jetty.http.HttpParser - HEADER:Accept --> FIELD
17:34:11.806 [qtp726843606-17] DEBUG org.eclipse.jetty.http.HttpParser - HEADER:Connection: keep-alive --> IN_VALUE
17:34:11.806 [qtp726843606-17] DEBUG org.eclipse.jetty.http.HttpParser - HEADER:Connection: keep-alive --> FIELD
17:34:11.810 [qtp726843606-17] DEBUG org.eclipse.jetty.http.HttpParser - HEADER:Content-Length --> VALUE
17:34:11.810 [qtp726843606-17] DEBUG org.eclipse.jetty.http.HttpParser - HEADER:Content-Length --> IN_VALUE
17:34:11.810 [qtp726843606-17] DEBUG org.eclipse.jetty.http.HttpParser - HEADER:Content-Length --> FIELD
17:34:11.810 [qtp726843606-17] DEBUG org.eclipse.jetty.http.HttpParser - HEADER --> CONTENT
17:34:11.816 [qtp726843606-17] DEBUG org.eclipse.jetty.server.HttpChannel - REQUEST for //localhost:9998/contact on HttpChannelOverHttp@3ad9a6c5{r=1,c=false,c=false/false,a=IDLE,uri=//localhost:9998/contact,age=3}
PUT //localhost:9998/contact HTTP/1.1
Content-Type: application/json
User-Agent: Jersey/2.30.1 (HttpUrlConnection 1.8.0_261)
Host: localhost:9998
Accept: text/html, image/gif, image/jpeg, *; q=.2, */*; q=.2
Connection: keep-alive
Content-Length: 64


17:34:11.816 [qtp726843606-17] DEBUG o.e.jetty.server.HttpConnection - HttpConnection@767e3836::SocketChannelEndPoint@3aeaeee4{/127.0.0.1:55182<->/127.0.0.1:9998,OPEN,fill=-,flush=-,to=23/30000}{io=0/0,kio=0,kro=1}->HttpConnection@767e3836[p=HttpParser{s=CONTENT,0 of 64},g=HttpGenerator@4a1abee6{s=START}]=>HttpChannelOverHttp@3ad9a6c5{r=1,c=false,c=false/false,a=IDLE,uri=//localhost:9998/contact,age=6} parsed true HttpParser{s=CONTENT,0 of 64}
17:34:11.816 [qtp726843606-17] DEBUG org.eclipse.jetty.server.HttpChannel - HttpChannelOverHttp@3ad9a6c5{r=1,c=false,c=false/false,a=IDLE,uri=//localhost:9998/contact,age=6} handle //localhost:9998/contact 
17:34:11.817 [qtp726843606-17] DEBUG o.e.jetty.server.HttpChannelState - handling HttpChannelState@76272f13{s=IDLE a=NOT_ASYNC i=true r=IDLE w=false}
17:34:11.818 [qtp726843606-17] DEBUG org.eclipse.jetty.server.HttpChannel - HttpChannelOverHttp@3ad9a6c5{r=1,c=false,c=false/false,a=DISPATCHED,uri=//localhost:9998/contact,age=8} action DISPATCH
17:34:11.820 [qtp726843606-17] DEBUG org.eclipse.jetty.server.Server - REQUEST PUT /contact on HttpChannelOverHttp@3ad9a6c5{r=1,c=false,c=false/false,a=DISPATCHED,uri=//localhost:9998/contact,age=10}
17:34:12.085 [qtp726843606-17] DEBUG o.e.jetty.server.HttpConnection - HttpConnection@767e3836::SocketChannelEndPoint@3aeaeee4{/127.0.0.1:55182<->/127.0.0.1:9998,OPEN,fill=-,flush=-,to=292/30000}{io=0/0,kio=0,kro=1}->HttpConnection@767e3836[p=HttpParser{s=CONTENT,0 of 64},g=HttpGenerator@4a1abee6{s=START}]=>HttpChannelOverHttp@3ad9a6c5{r=1,c=false,c=false/false,a=DISPATCHED,uri=//localhost:9998/contact,age=275} parse HeapByteBuffer@6bab1efc[p=242,l=306,c=8192,r=64]={PUT /contact HTTP...-Length: 64\r\n\r\n<<<{"firstName":"Ric...+39 23 123456"}>>>\x00\x00\x00\x00\x00\x00\x00\x00\x00\x00\x00\x00\x00\x00\x00\x00\x00...\x00\x00\x00\x00\x00\x00\x00\x00\x00\x00\x00\x00\x00\x00\x00} {}
17:34:12.086 [qtp726843606-17] DEBUG org.eclipse.jetty.http.HttpParser - parseNext s=CONTENT HeapByteBuffer@6bab1efc[p=242,l=306,c=8192,r=64]={PUT /contact HTTP...-Length: 64\r\n\r\n<<<{"firstName":"Ric...+39 23 123456"}>>>\x00\x00\x00\x00\x00\x00\x00\x00\x00\x00\x00\x00\x00\x00\x00\x00\x00...\x00\x00\x00\x00\x00\x00\x00\x00\x00\x00\x00\x00\x00\x00\x00}
17:34:12.086 [qtp726843606-17] DEBUG org.eclipse.jetty.server.HttpChannel - HttpChannelOverHttp@3ad9a6c5{r=1,c=false,c=false/false,a=DISPATCHED,uri=//localhost:9998/contact,age=276} onContent Content@69d906e3{HeapByteBufferR@16f93809[p=242,l=306,c=8192,r=64]={PUT /contact HTTP...-Length: 64\r\n\r\n<<<{"firstName":"Ric...+39 23 123456"}>>>\x00\x00\x00\x00\x00\x00\x00\x00\x00\x00\x00\x00\x00\x00\x00\x00\x00...\x00\x00\x00\x00\x00\x00\x00\x00\x00\x00\x00\x00\x00\x00\x00}}
17:34:12.088 [qtp726843606-17] DEBUG org.eclipse.jetty.server.HttpInput - HttpInputOverHTTP@6b1065ac[c=0,q=0,[0]=null,s=STREAM] addContent Content@69d906e3{HeapByteBufferR@16f93809[p=242,l=306,c=8192,r=64]={PUT /contact HTTP...-Length: 64\r\n\r\n<<<{"firstName":"Ric...+39 23 123456"}>>>\x00\x00\x00\x00\x00\x00\x00\x00\x00\x00\x00\x00\x00\x00\x00\x00\x00...\x00\x00\x00\x00\x00\x00\x00\x00\x00\x00\x00\x00\x00\x00\x00}}
17:34:12.088 [qtp726843606-17] DEBUG org.eclipse.jetty.http.HttpParser - CONTENT --> END
17:34:12.088 [qtp726843606-17] DEBUG org.eclipse.jetty.server.HttpChannel - HttpChannelOverHttp@3ad9a6c5{r=1,c=false,c=false/false,a=DISPATCHED,uri=//localhost:9998/contact,age=278} onContentComplete
17:34:12.089 [qtp726843606-17] DEBUG org.eclipse.jetty.server.HttpChannel - HttpChannelOverHttp@3ad9a6c5{r=1,c=false,c=false/false,a=DISPATCHED,uri=//localhost:9998/contact,age=279} onRequestComplete
17:34:12.089 [qtp726843606-17] DEBUG org.eclipse.jetty.server.HttpInput - HttpInputOverHTTP@6b1065ac[c=0,q=1,[0]=EOF,s=STREAM] addContent EOF
17:34:12.090 [qtp726843606-17] DEBUG o.e.jetty.server.HttpConnection - HttpConnection@767e3836::SocketChannelEndPoint@3aeaeee4{/127.0.0.1:55182<->/127.0.0.1:9998,OPEN,fill=-,flush=-,to=297/30000}{io=0/0,kio=0,kro=1}->HttpConnection@767e3836[p=HttpParser{s=END,64 of 64},g=HttpGenerator@4a1abee6{s=START}]=>HttpChannelOverHttp@3ad9a6c5{r=1,c=false,c=false/false,a=DISPATCHED,uri=//localhost:9998/contact,age=280} parsed false HttpParser{s=END,64 of 64}
17:34:12.091 [qtp726843606-17] DEBUG org.eclipse.jetty.server.HttpInput - HttpInputOverHTTP@6b1065ac[c=64,q=1,[0]=EOF,s=STREAM] read 64 from Content@69d906e3{HeapByteBufferR@16f93809[p=306,l=306,c=8192,r=0]={PUT /contact HTTP...+39 23 123456"}<<<>>>\x00\x00\x00\x00\x00\x00\x00\x00\x00\x00\x00\x00\x00\x00\x00\x00\x00...\x00\x00\x00\x00\x00\x00\x00\x00\x00\x00\x00\x00\x00\x00\x00}}
17:34:12.091 [qtp726843606-17] DEBUG o.e.jetty.server.HttpConnection - releaseRequestBuffer HttpConnection@767e3836::SocketChannelEndPoint@3aeaeee4{/127.0.0.1:55182<->/127.0.0.1:9998,OPEN,fill=-,flush=-,to=298/30000}{io=0/0,kio=0,kro=1}->HttpConnection@767e3836[p=HttpParser{s=END,64 of 64},g=HttpGenerator@4a1abee6{s=START}]=>HttpChannelOverHttp@3ad9a6c5{r=1,c=false,c=false/false,a=DISPATCHED,uri=//localhost:9998/contact,age=281}
17:34:12.339 [qtp726843606-17] DEBUG org.eclipse.jetty.server.HttpChannel - sendResponse info=null content=HeapByteBuffer@7c203415[p=0,l=0,c=0,r=0]={<<<>>>} complete=true committing=true callback=Blocker@176d60bf{null}
17:34:12.340 [qtp726843606-17] DEBUG org.eclipse.jetty.server.HttpChannel - COMMIT for /contact on HttpChannelOverHttp@3ad9a6c5{r=1,c=true,c=false/false,a=DISPATCHED,uri=//localhost:9998/contact,age=529}
400 Bad Request HTTP/1.1
Date: Sun, 27 Sep 2020 16:34:11 GMT
Content-Length: 0


17:34:12.350 [qtp726843606-17] DEBUG o.e.jetty.server.HttpConnection - org.eclipse.jetty.server.HttpConnection$SendCallback@2a2fd047[PROCESSING][i=HTTP/1.1{s=400,h=2,cl=0},cb=org.eclipse.jetty.server.HttpChannel$SendCallback@236abfd2] generate: NEED_HEADER (null,[p=0,l=0,c=0,r=0],true)@START
17:34:12.352 [qtp726843606-17] DEBUG org.eclipse.jetty.http.HttpGenerator - generateHeaders HTTP/1.1{s=400,h=2,cl=0} last=true content=HeapByteBuffer@7c203415[p=0,l=0,c=0,r=0]={<<<>>>}
17:34:12.352 [qtp726843606-17] DEBUG org.eclipse.jetty.http.HttpGenerator - Date: Sun, 27 Sep 2020 16:34:11 GMT
Content-Length: 0


17:34:12.425 [qtp726843606-17] DEBUG org.eclipse.jetty.http.HttpGenerator - CONTENT_LENGTH
17:34:12.426 [qtp726843606-17] DEBUG o.e.jetty.server.HttpConnection - org.eclipse.jetty.server.HttpConnection$SendCallback@2a2fd047[PROCESSING][i=HTTP/1.1{s=400,h=2,cl=0},cb=org.eclipse.jetty.server.HttpChannel$SendCallback@236abfd2] generate: FLUSH ([p=0,l=117,c=8192,r=117],[p=0,l=0,c=0,r=0],true)@COMPLETING
17:34:12.426 [qtp726843606-17] DEBUG org.eclipse.jetty.io.WriteFlusher - write: WriteFlusher@285e9b1f{IDLE}->null [HeapByteBuffer@6bab1efc[p=0,l=117,c=8192,r=117]={<<<HTTP/1.1 400 Bad ....v20190418)\r\n\r\n>>> localhost:9998\r\n...\x00\x00\x00\x00\x00\x00\x00\x00\x00\x00\x00\x00\x00\x00\x00}]
17:34:12.426 [qtp726843606-17] DEBUG org.eclipse.jetty.io.WriteFlusher - update WriteFlusher@285e9b1f{WRITING}->null:IDLE-->WRITING
17:34:12.431 [qtp726843606-17] DEBUG org.eclipse.jetty.io.ChannelEndPoint - flushed 117 SocketChannelEndPoint@3aeaeee4{/127.0.0.1:55182<->/127.0.0.1:9998,OPEN,fill=-,flush=W,to=635/30000}{io=0/0,kio=0,kro=1}->HttpConnection@767e3836[p=HttpParser{s=END,64 of 64},g=HttpGenerator@4a1abee6{s=COMPLETING}]=>HttpChannelOverHttp@3ad9a6c5{r=1,c=true,c=false/false,a=DISPATCHED,uri=//localhost:9998/contact,age=621}
17:34:12.431 [qtp726843606-17] DEBUG org.eclipse.jetty.io.WriteFlusher - Flushed=true written=117 remaining=0 WriteFlusher@285e9b1f{WRITING}->null
17:34:12.432 [qtp726843606-17] DEBUG org.eclipse.jetty.io.WriteFlusher - update WriteFlusher@285e9b1f{IDLE}->null:WRITING-->IDLE
17:34:12.432 [qtp726843606-17] DEBUG o.e.jetty.server.HttpConnection - org.eclipse.jetty.server.HttpConnection$SendCallback@2a2fd047[PROCESSING][i=HTTP/1.1{s=400,h=2,cl=0},cb=org.eclipse.jetty.server.HttpChannel$SendCallback@236abfd2] generate: DONE ([p=117,l=117,c=8192,r=0],[p=0,l=0,c=0,r=0],true)@END
17:34:12.437 [main] DEBUG o.e.j.u.component.AbstractLifeCycle - stopping Server@114a85c2{STARTED}[9.4.17.v20190418]
17:34:12.437 [main] DEBUG org.eclipse.jetty.server.Server - doStop Server@114a85c2{STOPPING}[9.4.17.v20190418]
17:34:12.438 [qtp726843606-17] DEBUG org.eclipse.jetty.server.Server - handled=true async=false committed=true on HttpChannelOverHttp@3ad9a6c5{r=1,c=true,c=false/true,a=DISPATCHED,uri=//localhost:9998/contact,age=628}
17:34:12.439 [qtp726843606-14] DEBUG o.e.j.util.thread.QueuedThreadPool - ran qtp726843606-14-acceptor-0@f31c0c6-ServerConnector@27e0f2f5{HTTP/1.1,[http/1.1]}{0.0.0.0:9998}
17:34:12.439 [qtp726843606-17] DEBUG o.e.jetty.server.HttpChannelState - unhandle HttpChannelState@76272f13{s=DISPATCHED a=NOT_ASYNC i=true r=IDLE w=false}
17:34:12.440 [qtp726843606-17] DEBUG org.eclipse.jetty.server.HttpChannel - HttpChannelOverHttp@3ad9a6c5{r=1,c=true,c=false/true,a=COMPLETING,uri=//localhost:9998/contact,age=630} action COMPLETE
17:34:12.440 [qtp726843606-17] DEBUG o.e.jetty.server.HttpChannelState - onComplete HttpChannelState@76272f13{s=COMPLETING a=NOT_ASYNC i=false r=IDLE w=false}
17:34:12.440 [qtp726843606-17] DEBUG org.eclipse.jetty.server.HttpChannel - COMPLETE for /contact written=0
17:34:12.443 [main] DEBUG o.e.j.s.h.AbstractHandlerContainer - Graceful shutdown Server@114a85c2{STOPPING}[9.4.17.v20190418] by 
17:34:12.444 [main] DEBUG o.e.j.u.component.AbstractLifeCycle - stopping ServerConnector@27e0f2f5{HTTP/1.1,[http/1.1]}{0.0.0.0:9998}
17:34:12.445 [main] DEBUG o.e.j.u.component.AbstractLifeCycle - stopping SelectorManager@ServerConnector@27e0f2f5{HTTP/1.1,[http/1.1]}{0.0.0.0:9998}
17:34:12.445 [main] DEBUG o.e.j.u.component.AbstractLifeCycle - stopping ManagedSelector@10027fc9{STARTED} id=1 keys=1 selected=0 updates=0
17:34:12.446 [main] DEBUG org.eclipse.jetty.io.ManagedSelector - Queued change org.eclipse.jetty.io.ManagedSelector$CloseConnections@2a415aa9 on ManagedSelector@10027fc9{STOPPING} id=1 keys=1 selected=0 updates=0
17:34:12.446 [main] DEBUG org.eclipse.jetty.io.ManagedSelector - Wakeup on submit ManagedSelector@10027fc9{STOPPING} id=1 keys=1 selected=0 updates=1
17:34:12.446 [qtp726843606-13] DEBUG org.eclipse.jetty.io.ManagedSelector - Selector sun.nio.ch.KQueueSelectorImpl@6c9f5adb woken with none selected
17:34:12.446 [qtp726843606-13] DEBUG org.eclipse.jetty.io.ManagedSelector - Selector sun.nio.ch.KQueueSelectorImpl@6c9f5adb woken up from select, 0/0/1 selected
17:34:12.446 [qtp726843606-13] DEBUG org.eclipse.jetty.io.ManagedSelector - Selector sun.nio.ch.KQueueSelectorImpl@6c9f5adb processing 0 keys, 1 updates
17:34:12.446 [qtp726843606-13] DEBUG org.eclipse.jetty.io.ManagedSelector - updateable 1
17:34:12.446 [qtp726843606-13] DEBUG org.eclipse.jetty.io.ManagedSelector - update org.eclipse.jetty.io.ManagedSelector$CloseConnections@2a415aa9
17:34:12.447 [qtp726843606-13] DEBUG org.eclipse.jetty.io.ManagedSelector - Closing 1 connections on ManagedSelector@10027fc9{STOPPING} id=1 keys=1 selected=0 updates=0
17:34:12.448 [qtp726843606-13] DEBUG o.eclipse.jetty.io.AbstractEndPoint - close SocketChannelEndPoint@3aeaeee4{/127.0.0.1:55182<->/127.0.0.1:9998,OPEN,fill=-,flush=-,to=16/30000}{io=0/0,kio=0,kro=1}->HttpConnection@767e3836[p=HttpParser{s=END,64 of 64},g=HttpGenerator@4a1abee6{s=END}]=>HttpChannelOverHttp@3ad9a6c5{r=1,c=false,c=true/false,a=COMPLETED,uri=null,age=637}
17:34:12.448 [qtp726843606-13] DEBUG o.eclipse.jetty.io.AbstractEndPoint - close(null) SocketChannelEndPoint@3aeaeee4{/127.0.0.1:55182<->/127.0.0.1:9998,OPEN,fill=-,flush=-,to=17/30000}{io=0/0,kio=0,kro=1}->HttpConnection@767e3836[p=HttpParser{s=END,64 of 64},g=HttpGenerator@4a1abee6{s=END}]=>HttpChannelOverHttp@3ad9a6c5{r=1,c=false,c=true/false,a=COMPLETED,uri=null,age=638}
17:34:12.448 [qtp726843606-13] DEBUG org.eclipse.jetty.io.ChannelEndPoint - doClose SocketChannelEndPoint@3aeaeee4{/127.0.0.1:55182<->/127.0.0.1:9998,CLOSED,fill=-,flush=-,to=17/30000}{io=0/0,kio=0,kro=1}->HttpConnection@767e3836[p=HttpParser{s=END,64 of 64},g=HttpGenerator@4a1abee6{s=END}]=>HttpChannelOverHttp@3ad9a6c5{r=1,c=false,c=true/false,a=COMPLETED,uri=null,age=638}
17:34:12.449 [qtp726843606-17] DEBUG o.e.jetty.server.HttpChannelState - recycle HttpChannelState@76272f13{s=COMPLETED a=NOT_ASYNC i=false r=IDLE w=false}
17:34:12.450 [qtp726843606-17] DEBUG org.eclipse.jetty.http.HttpParser - reset HttpParser{s=END,64 of 64}
17:34:12.450 [qtp726843606-17] DEBUG org.eclipse.jetty.http.HttpParser - END --> START
17:34:12.450 [qtp726843606-17] DEBUG org.eclipse.jetty.server.HttpChannel - HttpChannelOverHttp@3ad9a6c5{r=1,c=false,c=false/false,a=IDLE,uri=null,age=0} handle exit, result COMPLETE
17:34:12.451 [qtp726843606-17] DEBUG o.e.jetty.server.HttpConnection - HttpConnection@767e3836::SocketChannelEndPoint@3aeaeee4{/127.0.0.1:55182<->/127.0.0.1:9998,CLOSED,fill=-,flush=-,to=19/30000}{io=0/0,kio=-1,kro=-1}->HttpConnection@767e3836[p=HttpParser{s=START,0 of -1},g=HttpGenerator@4a1abee6{s=START}]=>HttpChannelOverHttp@3ad9a6c5{r=1,c=false,c=false/false,a=IDLE,uri=null,age=0} onFillable exit HttpChannelState@76272f13{s=IDLE a=NOT_ASYNC i=true r=IDLE w=false} null
17:34:12.452 [qtp726843606-17] DEBUG o.e.j.util.thread.QueuedThreadPool - ran CEP:SocketChannelEndPoint@3aeaeee4{/127.0.0.1:55182<->/127.0.0.1:9998,CLOSED,fill=-,flush=-,to=20/30000}{io=0/0,kio=-1,kro=-1}->HttpConnection@767e3836[p=HttpParser{s=START,0 of -1},g=HttpGenerator@4a1abee6{s=START}]=>HttpChannelOverHttp@3ad9a6c5{r=1,c=false,c=false/false,a=IDLE,uri=null,age=0}:runFillable:BLOCKING
17:34:12.452 [qtp726843606-13] DEBUG org.eclipse.jetty.io.WriteFlusher - ignored: WriteFlusher@285e9b1f{IDLE}->null
java.nio.channels.ClosedChannelException: null
	at org.eclipse.jetty.io.WriteFlusher.onClose(WriteFlusher.java:492)
	at org.eclipse.jetty.io.AbstractEndPoint.onClose(AbstractEndPoint.java:353)
	at org.eclipse.jetty.io.ChannelEndPoint.onClose(ChannelEndPoint.java:215)
	at org.eclipse.jetty.io.AbstractEndPoint.doOnClose(AbstractEndPoint.java:225)
	at org.eclipse.jetty.io.AbstractEndPoint.close(AbstractEndPoint.java:192)
	at org.eclipse.jetty.io.AbstractEndPoint.close(AbstractEndPoint.java:175)
	at org.eclipse.jetty.io.AbstractConnection.close(AbstractConnection.java:248)
	at org.eclipse.jetty.io.ManagedSelector.closeNoExceptions(ManagedSelector.java:252)
	at org.eclipse.jetty.io.ManagedSelector.access$1400(ManagedSelector.java:61)
	at org.eclipse.jetty.io.ManagedSelector$CloseConnections.update(ManagedSelector.java:866)
	at org.eclipse.jetty.io.ManagedSelector$SelectorProducer.processUpdates(ManagedSelector.java:426)
	at org.eclipse.jetty.io.ManagedSelector$SelectorProducer.produce(ManagedSelector.java:397)
	at org.eclipse.jetty.util.thread.strategy.EatWhatYouKill.produceTask(EatWhatYouKill.java:357)
	at org.eclipse.jetty.util.thread.strategy.EatWhatYouKill.doProduce(EatWhatYouKill.java:181)
	at org.eclipse.jetty.util.thread.strategy.EatWhatYouKill.tryProduce(EatWhatYouKill.java:168)
	at org.eclipse.jetty.util.thread.strategy.EatWhatYouKill.produce(EatWhatYouKill.java:132)
	at org.eclipse.jetty.util.thread.QueuedThreadPool.runJob(QueuedThreadPool.java:786)
	at org.eclipse.jetty.util.thread.QueuedThreadPool$2.run(QueuedThreadPool.java:743)
	at java.lang.Thread.run(Thread.java:748)
17:34:12.453 [qtp726843606-13] DEBUG org.eclipse.jetty.io.FillInterest - onClose FillInterest@4d22901b{null}
17:34:12.453 [qtp726843606-13] DEBUG org.eclipse.jetty.io.ManagedSelector - Wakeup ManagedSelector@10027fc9{STOPPING} id=1 keys=1 selected=0 updates=0
17:34:12.453 [qtp726843606-13] DEBUG o.e.j.util.thread.QueuedThreadPool - queue org.eclipse.jetty.io.ManagedSelector$DestroyEndPoint@5cf6a9ab
17:34:12.454 [qtp726843606-13] DEBUG org.eclipse.jetty.io.ManagedSelector - updates 0
17:34:12.454 [qtp726843606-18] DEBUG o.e.j.util.thread.QueuedThreadPool - run org.eclipse.jetty.io.ManagedSelector$DestroyEndPoint@5cf6a9ab
17:34:12.454 [qtp726843606-13] DEBUG org.eclipse.jetty.io.ManagedSelector - Selector sun.nio.ch.KQueueSelectorImpl@6c9f5adb waiting with 1 keys
17:34:12.454 [main] DEBUG org.eclipse.jetty.io.ManagedSelector - Queued change org.eclipse.jetty.io.ManagedSelector$StopSelector@53cdecf6 on ManagedSelector@10027fc9{STOPPING} id=1 keys=0 selected=0 updates=0
17:34:12.454 [main] DEBUG org.eclipse.jetty.io.ManagedSelector - Wakeup on submit ManagedSelector@10027fc9{STOPPING} id=1 keys=0 selected=0 updates=1
17:34:12.455 [qtp726843606-13] DEBUG org.eclipse.jetty.io.ManagedSelector - Selector sun.nio.ch.KQueueSelectorImpl@6c9f5adb woken with none selected
17:34:12.455 [qtp726843606-13] DEBUG org.eclipse.jetty.io.ManagedSelector - Selector sun.nio.ch.KQueueSelectorImpl@6c9f5adb woken up from select, 0/0/0 selected
17:34:12.455 [qtp726843606-18] DEBUG org.eclipse.jetty.io.ManagedSelector - Destroyed SocketChannelEndPoint@3aeaeee4{/127.0.0.1:55182<->/127.0.0.1:9998,CLOSED,fill=-,flush=-,to=23/30000}{io=0/0,kio=-1,kro=-1}->HttpConnection@767e3836[p=HttpParser{s=START,0 of -1},g=HttpGenerator@4a1abee6{s=START}]=>HttpChannelOverHttp@3ad9a6c5{r=1,c=false,c=false/false,a=IDLE,uri=null,age=0}
17:34:12.455 [qtp726843606-13] DEBUG org.eclipse.jetty.io.ManagedSelector - Selector sun.nio.ch.KQueueSelectorImpl@6c9f5adb processing 0 keys, 1 updates
17:34:12.455 [qtp726843606-13] DEBUG org.eclipse.jetty.io.ManagedSelector - updateable 1
17:34:12.455 [qtp726843606-13] DEBUG org.eclipse.jetty.io.ManagedSelector - update org.eclipse.jetty.io.ManagedSelector$StopSelector@53cdecf6
17:34:12.455 [qtp726843606-18] DEBUG o.e.jetty.io.AbstractConnection - onClose HttpConnection@767e3836::SocketChannelEndPoint@3aeaeee4{/127.0.0.1:55182<->/127.0.0.1:9998,CLOSED,fill=-,flush=-,to=24/30000}{io=0/0,kio=-1,kro=-1}->HttpConnection@767e3836[p=HttpParser{s=START,0 of -1},g=HttpGenerator@4a1abee6{s=START}]=>HttpChannelOverHttp@3ad9a6c5{r=1,c=false,c=false/false,a=IDLE,uri=null,age=0}
17:34:12.455 [qtp726843606-18] DEBUG o.e.j.util.thread.QueuedThreadPool - ran org.eclipse.jetty.io.ManagedSelector$DestroyEndPoint@5cf6a9ab
17:34:12.457 [qtp726843606-13] DEBUG org.eclipse.jetty.io.ManagedSelector - updates 0
17:34:12.457 [main] DEBUG o.e.j.u.component.AbstractLifeCycle - stopping EatWhatYouKill@6d6bc158/SelectorProducer@5dda6f9/PRODUCING/p=false/JettyConnectorThreadPool[qtp726843606]@2b52c0d6{STARTED,8<=8<=200,i=5,q=0}[ReservedThreadExecutor@452e26d0{s=1/4,p=0}][pc=0,pic=0,pec=1,epc=0]@2020-09-27T17:34:12.457+01:00
17:34:12.457 [qtp726843606-13] DEBUG o.e.j.util.thread.QueuedThreadPool - ran org.eclipse.jetty.io.ManagedSelector$$Lambda$175/1736293769@263f04ca
17:34:12.457 [main] DEBUG o.e.j.u.component.AbstractLifeCycle - STOPPED EatWhatYouKill@6d6bc158/SelectorProducer@5dda6f9/IDLE/p=false/JettyConnectorThreadPool[qtp726843606]@2b52c0d6{STARTED,8<=8<=200,i=6,q=0}[ReservedThreadExecutor@452e26d0{s=1/4,p=0}][pc=0,pic=0,pec=1,epc=0]@2020-09-27T17:34:12.457+01:00
17:34:12.458 [main] DEBUG o.e.j.u.component.AbstractLifeCycle - STOPPED ManagedSelector@10027fc9{STOPPED} id=1 keys=-1 selected=-1 updates=0
17:34:12.458 [main] DEBUG o.e.j.u.component.AbstractLifeCycle - stopping ManagedSelector@7d373bcf{STARTED} id=0 keys=0 selected=0 updates=0
17:34:12.458 [main] DEBUG org.eclipse.jetty.io.ManagedSelector - Queued change org.eclipse.jetty.io.ManagedSelector$CloseConnections@71ea1fda on ManagedSelector@7d373bcf{STOPPING} id=0 keys=0 selected=0 updates=0
17:34:12.458 [main] DEBUG org.eclipse.jetty.io.ManagedSelector - Wakeup on submit ManagedSelector@7d373bcf{STOPPING} id=0 keys=0 selected=0 updates=1
17:34:12.458 [qtp726843606-12] DEBUG org.eclipse.jetty.io.ManagedSelector - Selector sun.nio.ch.KQueueSelectorImpl@53e023ce woken with none selected
17:34:12.458 [qtp726843606-12] DEBUG org.eclipse.jetty.io.ManagedSelector - Selector sun.nio.ch.KQueueSelectorImpl@53e023ce woken up from select, 0/0/0 selected
17:34:12.458 [qtp726843606-12] DEBUG org.eclipse.jetty.io.ManagedSelector - Selector sun.nio.ch.KQueueSelectorImpl@53e023ce processing 0 keys, 1 updates
17:34:12.458 [qtp726843606-12] DEBUG org.eclipse.jetty.io.ManagedSelector - updateable 1
17:34:12.458 [qtp726843606-12] DEBUG org.eclipse.jetty.io.ManagedSelector - update org.eclipse.jetty.io.ManagedSelector$CloseConnections@71ea1fda
17:34:12.459 [qtp726843606-12] DEBUG org.eclipse.jetty.io.ManagedSelector - Closing 0 connections on ManagedSelector@7d373bcf{STOPPING} id=0 keys=0 selected=0 updates=0
17:34:12.459 [qtp726843606-12] DEBUG org.eclipse.jetty.io.ManagedSelector - updates 0
17:34:12.459 [qtp726843606-12] DEBUG org.eclipse.jetty.io.ManagedSelector - Selector sun.nio.ch.KQueueSelectorImpl@53e023ce waiting with 0 keys
17:34:12.459 [main] DEBUG org.eclipse.jetty.io.ManagedSelector - Queued change org.eclipse.jetty.io.ManagedSelector$StopSelector@62b3df3a on ManagedSelector@7d373bcf{STOPPING} id=0 keys=0 selected=0 updates=0
17:34:12.459 [main] DEBUG org.eclipse.jetty.io.ManagedSelector - Wakeup on submit ManagedSelector@7d373bcf{STOPPING} id=0 keys=0 selected=0 updates=1
17:34:12.459 [qtp726843606-12] DEBUG org.eclipse.jetty.io.ManagedSelector - Selector sun.nio.ch.KQueueSelectorImpl@53e023ce woken with none selected
17:34:12.460 [qtp726843606-12] DEBUG org.eclipse.jetty.io.ManagedSelector - Selector sun.nio.ch.KQueueSelectorImpl@53e023ce woken up from select, 0/0/0 selected
17:34:12.460 [qtp726843606-12] DEBUG org.eclipse.jetty.io.ManagedSelector - Selector sun.nio.ch.KQueueSelectorImpl@53e023ce processing 0 keys, 1 updates
17:34:12.460 [qtp726843606-12] DEBUG org.eclipse.jetty.io.ManagedSelector - updateable 1
17:34:12.460 [qtp726843606-12] DEBUG org.eclipse.jetty.io.ManagedSelector - update org.eclipse.jetty.io.ManagedSelector$StopSelector@62b3df3a
17:34:12.460 [qtp726843606-12] DEBUG org.eclipse.jetty.io.ManagedSelector - updates 0
17:34:12.460 [main] DEBUG o.e.j.u.component.AbstractLifeCycle - stopping EatWhatYouKill@1b58ff9e/SelectorProducer@486be205/PRODUCING/p=false/JettyConnectorThreadPool[qtp726843606]@2b52c0d6{STARTED,8<=8<=200,i=6,q=0}[ReservedThreadExecutor@452e26d0{s=1/4,p=0}][pc=0,pic=0,pec=0,epc=0]@2020-09-27T17:34:12.46+01:00
17:34:12.460 [qtp726843606-12] DEBUG o.e.j.util.thread.QueuedThreadPool - ran org.eclipse.jetty.io.ManagedSelector$$Lambda$175/1736293769@fff25f1
17:34:12.461 [main] DEBUG o.e.j.u.component.AbstractLifeCycle - STOPPED EatWhatYouKill@1b58ff9e/SelectorProducer@486be205/IDLE/p=false/JettyConnectorThreadPool[qtp726843606]@2b52c0d6{STARTED,8<=8<=200,i=7,q=0}[ReservedThreadExecutor@452e26d0{s=1/4,p=0}][pc=0,pic=0,pec=0,epc=0]@2020-09-27T17:34:12.461+01:00
17:34:12.461 [main] DEBUG o.e.j.u.component.AbstractLifeCycle - STOPPED ManagedSelector@7d373bcf{STOPPED} id=0 keys=-1 selected=-1 updates=0
17:34:12.461 [main] DEBUG o.e.j.u.component.AbstractLifeCycle - STOPPED SelectorManager@ServerConnector@27e0f2f5{HTTP/1.1,[http/1.1]}{0.0.0.0:9998}
17:34:12.461 [main] DEBUG o.e.j.u.component.AbstractLifeCycle - stopping HttpConnectionFactory@5cc5b667[HTTP/1.1]
17:34:12.461 [main] DEBUG o.e.j.u.component.AbstractLifeCycle - STOPPED HttpConnectionFactory@5cc5b667[HTTP/1.1]
17:34:12.462 [main] DEBUG o.e.j.u.component.AbstractLifeCycle - stopping ScheduledExecutorScheduler@4eeea57d{STARTED}
17:34:12.462 [main] DEBUG o.e.j.u.component.AbstractLifeCycle - STOPPED ScheduledExecutorScheduler@4eeea57d{STOPPED}
17:34:12.462 [main] INFO  o.e.jetty.server.AbstractConnector - Stopped ServerConnector@27e0f2f5{HTTP/1.1,[http/1.1]}{0.0.0.0:9998}
17:34:12.462 [main] DEBUG o.e.j.u.component.AbstractLifeCycle - STOPPED ServerConnector@27e0f2f5{HTTP/1.1,[http/1.1]}{0.0.0.0:9998}
17:34:12.462 [main] DEBUG o.e.j.server.handler.AbstractHandler - stopping Server@114a85c2{STOPPING}[9.4.17.v20190418]
17:34:12.462 [main] DEBUG o.e.j.u.component.AbstractLifeCycle - stopping ErrorHandler@78461bc4{STARTED}
17:34:12.462 [main] DEBUG o.e.j.server.handler.AbstractHandler - stopping ErrorHandler@78461bc4{STOPPING}
17:34:12.463 [main] DEBUG o.e.j.u.component.AbstractLifeCycle - STOPPED ErrorHandler@78461bc4{STOPPED}
17:34:12.463 [main] DEBUG o.e.j.u.component.AbstractLifeCycle - stopping JettyHttpContainer@5003041b{STARTED}
17:34:12.463 [main] DEBUG o.e.j.server.handler.AbstractHandler - stopping JettyHttpContainer@5003041b{STOPPING}
17:34:12.471 [main] DEBUG o.e.j.u.component.AbstractLifeCycle - STOPPED JettyHttpContainer@5003041b{STOPPED}
17:34:12.471 [main] DEBUG o.e.j.u.component.AbstractLifeCycle - stopping JettyConnectorThreadPool[qtp726843606]@2b52c0d6{STARTED,8<=8<=200,i=7,q=0}[ReservedThreadExecutor@452e26d0{s=1/4,p=0}]
17:34:12.472 [main] DEBUG o.e.j.util.thread.QueuedThreadPool - Stopping JettyConnectorThreadPool[qtp726843606]@2b52c0d6{STOPPING,8<=8<=200,i=7,q=0}[ReservedThreadExecutor@452e26d0{s=1/4,p=0}]
17:34:12.472 [main] DEBUG o.e.j.u.component.AbstractLifeCycle - stopping ReservedThreadExecutor@452e26d0{s=1/4,p=0}
17:34:12.472 [main] DEBUG o.e.j.u.t.ReservedThreadExecutor - ReservedThreadExecutor@452e26d0{s=0/4,p=0}@128c02d0 offer STOP!
17:34:12.472 [main] DEBUG o.e.j.u.component.AbstractLifeCycle - STOPPED ReservedThreadExecutor@452e26d0{s=0/4,p=0}
17:34:12.472 [qtp726843606-16] DEBUG o.e.j.u.t.ReservedThreadExecutor - ReservedThreadExecutor@452e26d0{s=0/4,p=0}@128c02d0 task=STOP!
17:34:12.472 [qtp726843606-16] DEBUG o.e.j.u.t.ReservedThreadExecutor - ReservedThreadExecutor@452e26d0{s=0/4,p=0}@128c02d0 Exited
17:34:12.472 [qtp726843606-16] DEBUG o.e.j.util.thread.QueuedThreadPool - ran ReservedThreadExecutor@452e26d0{s=0/4,p=0}@128c02d0
17:34:12.473 [qtp726843606-14] DEBUG o.e.j.util.thread.QueuedThreadPool - run org.eclipse.jetty.util.thread.QueuedThreadPool$$Lambda$264/1914615775@5e9a99b4
17:34:12.473 [qtp726843606-15] DEBUG o.e.j.util.thread.QueuedThreadPool - run org.eclipse.jetty.util.thread.QueuedThreadPool$$Lambda$264/1914615775@5e9a99b4
17:34:12.473 [qtp726843606-14] DEBUG o.e.j.util.thread.QueuedThreadPool - ran org.eclipse.jetty.util.thread.QueuedThreadPool$$Lambda$264/1914615775@5e9a99b4
17:34:12.473 [qtp726843606-15] DEBUG o.e.j.util.thread.QueuedThreadPool - ran org.eclipse.jetty.util.thread.QueuedThreadPool$$Lambda$264/1914615775@5e9a99b4
17:34:12.473 [qtp726843606-19] DEBUG o.e.j.util.thread.QueuedThreadPool - run org.eclipse.jetty.util.thread.QueuedThreadPool$$Lambda$264/1914615775@5e9a99b4
17:34:12.473 [qtp726843606-19] DEBUG o.e.j.util.thread.QueuedThreadPool - ran org.eclipse.jetty.util.thread.QueuedThreadPool$$Lambda$264/1914615775@5e9a99b4
17:34:12.473 [main] DEBUG o.e.j.util.thread.QueuedThreadPool - Waiting for Thread[qtp726843606-18,5,main] for 14999
17:34:12.473 [qtp726843606-17] DEBUG o.e.j.util.thread.QueuedThreadPool - run org.eclipse.jetty.util.thread.QueuedThreadPool$$Lambda$264/1914615775@5e9a99b4
17:34:12.473 [qtp726843606-17] DEBUG o.e.j.util.thread.QueuedThreadPool - ran org.eclipse.jetty.util.thread.QueuedThreadPool$$Lambda$264/1914615775@5e9a99b4
17:34:12.473 [qtp726843606-18] DEBUG o.e.j.util.thread.QueuedThreadPool - run org.eclipse.jetty.util.thread.QueuedThreadPool$$Lambda$264/1914615775@5e9a99b4
17:34:12.474 [qtp726843606-18] DEBUG o.e.j.util.thread.QueuedThreadPool - ran org.eclipse.jetty.util.thread.QueuedThreadPool$$Lambda$264/1914615775@5e9a99b4
17:34:12.474 [qtp726843606-13] DEBUG o.e.j.util.thread.QueuedThreadPool - run org.eclipse.jetty.util.thread.QueuedThreadPool$$Lambda$264/1914615775@5e9a99b4
17:34:12.474 [qtp726843606-12] DEBUG o.e.j.util.thread.QueuedThreadPool - run org.eclipse.jetty.util.thread.QueuedThreadPool$$Lambda$264/1914615775@5e9a99b4
17:34:12.474 [main] DEBUG o.e.j.util.thread.QueuedThreadPool - Waiting for Thread[qtp726843606-17,5,] for 14999
17:34:12.474 [qtp726843606-13] DEBUG o.e.j.util.thread.QueuedThreadPool - ran org.eclipse.jetty.util.thread.QueuedThreadPool$$Lambda$264/1914615775@5e9a99b4
17:34:12.474 [qtp726843606-12] DEBUG o.e.j.util.thread.QueuedThreadPool - ran org.eclipse.jetty.util.thread.QueuedThreadPool$$Lambda$264/1914615775@5e9a99b4
17:34:12.474 [main] DEBUG o.e.j.util.thread.QueuedThreadPool - Waiting for Thread[qtp726843606-12,5,main] for 14998
17:34:12.474 [main] DEBUG o.e.j.util.thread.QueuedThreadPool - Waiting for Thread[qtp726843606-13,5,] for 14998
17:34:12.484 [main] DEBUG o.e.j.u.component.AbstractLifeCycle - STOPPED JettyConnectorThreadPool[qtp726843606]@2b52c0d6{STOPPED,8<=0<=200,i=0,q=0}[org.eclipse.jetty.util.thread.TryExecutor$$Lambda$157/1967617997@759fad4]
17:34:12.485 [main] DEBUG o.e.j.u.component.AbstractLifeCycle - STOPPED Server@114a85c2{STOPPED}[9.4.17.v20190418]
]]></system-out>
    <system-err><![CDATA[Sep 27, 2020 5:34:10 PM org.glassfish.jersey.test.jetty.JettyTestContainerFactory$JettyTestContainer <init>
INFO: Creating JettyTestContainer configured at the base URI http://localhost:9998/
]]></system-err>
  </testcase>
  <testcase name="testCreateContactWithInvalidContact" classname="com.brunogoncalves.phonebook.resource.ContactResourceTest" time="0.445">
    <system-out><![CDATA[17:34:12.754 [main] DEBUG o.h.v.i.e.r.TraversableResolvers - Cannot find javax.persistence.Persistence on classpath. Assuming non JPA 2 environment. All properties will per default be traversable.
17:34:12.755 [main] DEBUG o.h.v.i.x.config.ValidationXmlParser - Trying to load META-INF/validation.xml for XML based Validator configuration.
17:34:12.757 [main] DEBUG o.h.v.i.x.c.ResourceLoaderHelper - Trying to load META-INF/validation.xml via TCCL
17:34:12.757 [main] DEBUG o.h.v.i.x.c.ResourceLoaderHelper - Trying to load META-INF/validation.xml via Hibernate Validator's class loader
17:34:12.758 [main] DEBUG o.h.v.i.x.config.ValidationXmlParser - No META-INF/validation.xml found. Using annotation based configuration only.
17:34:12.768 [main] DEBUG o.h.v.m.ResourceBundleMessageInterpolator - Loaded expression factory via original TCCL
17:34:12.768 [main] DEBUG o.h.v.i.engine.ValidatorFactoryImpl - HV000234: Using org.hibernate.validator.messageinterpolation.ResourceBundleMessageInterpolator as ValidatorFactory-scoped message interpolator.
17:34:12.769 [main] DEBUG o.h.v.i.engine.ValidatorFactoryImpl - HV000234: Using org.hibernate.validator.internal.engine.resolver.TraverseAllTraversableResolver as ValidatorFactory-scoped traversable resolver.
17:34:12.769 [main] DEBUG o.h.v.i.engine.ValidatorFactoryImpl - HV000234: Using org.hibernate.validator.internal.util.ExecutableParameterNameProvider as ValidatorFactory-scoped parameter name provider.
17:34:12.769 [main] DEBUG o.h.v.i.engine.ValidatorFactoryImpl - HV000234: Using org.hibernate.validator.internal.engine.DefaultClockProvider as ValidatorFactory-scoped clock provider.
17:34:12.769 [main] DEBUG o.h.v.i.engine.ValidatorFactoryImpl - HV000234: Using org.hibernate.validator.internal.engine.scripting.DefaultScriptEvaluatorFactory as ValidatorFactory-scoped script evaluator factory.
17:34:12.794 [main] DEBUG o.e.j.u.component.ContainerLifeCycle - Server@66eb985d{STOPPED}[9.4.17.v20190418] added {JettyConnectorThreadPool[qtp2110558717]@7dcc91fd{STOPPED,8<=0<=200,i=0,q=0}[org.eclipse.jetty.util.thread.TryExecutor$$Lambda$157/1967617997@759fad4],AUTO}
17:34:12.795 [main] DEBUG o.e.j.u.component.ContainerLifeCycle - HttpConnectionFactory@6a9287b1[HTTP/1.1] added {HttpConfiguration@75504cef{32768/8192,8192/8192,https://:0,[]},POJO}
17:34:12.795 [main] DEBUG o.e.j.u.component.ContainerLifeCycle - ServerConnector@6c8a68c1{null,[]}{0.0.0.0:0} added {Server@66eb985d{STOPPED}[9.4.17.v20190418],UNMANAGED}
17:34:12.795 [main] DEBUG o.e.j.u.component.ContainerLifeCycle - ServerConnector@6c8a68c1{null,[]}{0.0.0.0:0} added {JettyConnectorThreadPool[qtp2110558717]@7dcc91fd{STOPPED,8<=0<=200,i=0,q=0}[org.eclipse.jetty.util.thread.TryExecutor$$Lambda$157/1967617997@759fad4],AUTO}
17:34:12.795 [main] DEBUG o.e.j.u.component.ContainerLifeCycle - ServerConnector@6c8a68c1{null,[]}{0.0.0.0:0} added {ScheduledExecutorScheduler@56193c7d{STOPPED},AUTO}
17:34:12.795 [main] DEBUG o.e.j.u.component.ContainerLifeCycle - ServerConnector@6c8a68c1{null,[]}{0.0.0.0:0} added {org.eclipse.jetty.io.ArrayByteBufferPool@28c88600,POJO}
17:34:12.795 [main] DEBUG o.e.j.u.component.ContainerLifeCycle - ServerConnector@6c8a68c1{null,[http/1.1]}{0.0.0.0:0} added {HttpConnectionFactory@6a9287b1[HTTP/1.1],AUTO}
17:34:12.795 [main] DEBUG o.e.jetty.server.AbstractConnector - ServerConnector@6c8a68c1{HTTP/1.1,[http/1.1]}{0.0.0.0:0} added HttpConnectionFactory@6a9287b1[HTTP/1.1]
17:34:12.796 [main] DEBUG o.e.j.u.component.ContainerLifeCycle - ServerConnector@6c8a68c1{HTTP/1.1,[http/1.1]}{0.0.0.0:0} added {SelectorManager@ServerConnector@6c8a68c1{HTTP/1.1,[http/1.1]}{0.0.0.0:0},MANAGED}
17:34:12.796 [main] DEBUG o.e.j.u.component.ContainerLifeCycle - Server@66eb985d{STOPPED}[9.4.17.v20190418] added {ServerConnector@6c8a68c1{HTTP/1.1,[http/1.1]}{0.0.0.0:9998},AUTO}
17:34:12.796 [main] DEBUG o.e.j.u.component.ContainerLifeCycle - Server@66eb985d{STOPPED}[9.4.17.v20190418] added {JettyHttpContainer@5f8890c2{STOPPED},MANAGED}
17:34:12.796 [main] DEBUG o.e.j.u.component.AbstractLifeCycle - starting Server@66eb985d{STOPPED}[9.4.17.v20190418]
17:34:12.796 [main] DEBUG o.e.j.u.component.ContainerLifeCycle - Server@66eb985d{STARTING}[9.4.17.v20190418] added {ErrorHandler@607b2792{STOPPED},AUTO}
17:34:12.797 [main] INFO  org.eclipse.jetty.server.Server - jetty-9.4.17.v20190418; built: 2019-04-18T19:45:35.259Z; git: aa1c656c315c011c01e7b21aabb04066635b9f67; jvm 1.8.0_261-b12
17:34:12.797 [main] DEBUG o.e.j.server.handler.AbstractHandler - starting Server@66eb985d{STARTING}[9.4.17.v20190418]
17:34:12.797 [main] DEBUG o.e.j.u.component.AbstractLifeCycle - starting JettyConnectorThreadPool[qtp2110558717]@7dcc91fd{STOPPED,8<=0<=200,i=0,q=0}[org.eclipse.jetty.util.thread.TryExecutor$$Lambda$157/1967617997@759fad4]
17:34:12.797 [main] DEBUG o.e.j.u.t.ReservedThreadExecutor - ReservedThreadExecutor@7f9e1534{s=0/4,p=0}
17:34:12.797 [main] DEBUG o.e.j.u.component.ContainerLifeCycle - JettyConnectorThreadPool[qtp2110558717]@7dcc91fd{STARTING,8<=0<=200,i=0,q=0}[ReservedThreadExecutor@7f9e1534{s=0/4,p=0}] added {ReservedThreadExecutor@7f9e1534{s=0/4,p=0},AUTO}
17:34:12.797 [main] DEBUG o.e.j.u.component.AbstractLifeCycle - starting ReservedThreadExecutor@7f9e1534{s=0/4,p=0}
17:34:12.798 [main] DEBUG o.e.j.u.component.AbstractLifeCycle - STARTED @3449ms ReservedThreadExecutor@7f9e1534{s=0/4,p=0}
17:34:12.798 [main] DEBUG o.e.j.util.thread.QueuedThreadPool - Starting Thread[qtp2110558717-22,5,main]
17:34:12.798 [main] DEBUG o.e.j.util.thread.QueuedThreadPool - Starting Thread[qtp2110558717-23,5,main]
17:34:12.799 [main] DEBUG o.e.j.util.thread.QueuedThreadPool - Starting Thread[qtp2110558717-24,5,main]
17:34:12.799 [main] DEBUG o.e.j.util.thread.QueuedThreadPool - Starting Thread[qtp2110558717-25,5,main]
17:34:12.800 [main] DEBUG o.e.j.util.thread.QueuedThreadPool - Starting Thread[qtp2110558717-26,5,main]
17:34:12.800 [main] DEBUG o.e.j.util.thread.QueuedThreadPool - Starting Thread[qtp2110558717-27,5,main]
17:34:12.800 [main] DEBUG o.e.j.util.thread.QueuedThreadPool - Starting Thread[qtp2110558717-28,5,main]
17:34:12.801 [main] DEBUG o.e.j.util.thread.QueuedThreadPool - Starting Thread[qtp2110558717-29,5,main]
17:34:12.801 [main] DEBUG o.e.j.u.component.AbstractLifeCycle - STARTED @3453ms JettyConnectorThreadPool[qtp2110558717]@7dcc91fd{STARTED,8<=8<=200,i=8,q=0}[ReservedThreadExecutor@7f9e1534{s=0/4,p=0}]
17:34:12.801 [main] DEBUG o.e.j.u.component.AbstractLifeCycle - starting JettyHttpContainer@5f8890c2{STOPPED}
17:34:12.802 [main] DEBUG o.e.j.server.handler.AbstractHandler - starting JettyHttpContainer@5f8890c2{STARTING}
17:34:12.802 [main] DEBUG o.e.j.u.component.AbstractLifeCycle - STARTED @3453ms JettyHttpContainer@5f8890c2{STARTED}
17:34:12.802 [main] DEBUG o.e.j.u.component.AbstractLifeCycle - starting ErrorHandler@607b2792{STOPPED}
17:34:12.802 [main] DEBUG o.e.j.server.handler.AbstractHandler - starting ErrorHandler@607b2792{STARTING}
17:34:12.802 [main] DEBUG o.e.j.u.component.AbstractLifeCycle - STARTED @3454ms ErrorHandler@607b2792{STARTED}
17:34:12.802 [main] DEBUG o.e.j.u.component.AbstractLifeCycle - starting ServerConnector@6c8a68c1{HTTP/1.1,[http/1.1]}{0.0.0.0:9998}
17:34:12.803 [main] DEBUG o.e.j.u.component.ContainerLifeCycle - ServerConnector@6c8a68c1{HTTP/1.1,[http/1.1]}{0.0.0.0:9998} added {sun.nio.ch.ServerSocketChannelImpl[/0:0:0:0:0:0:0:0:9998],POJO}
17:34:12.803 [main] DEBUG o.e.j.u.component.AbstractLifeCycle - starting ScheduledExecutorScheduler@56193c7d{STOPPED}
17:34:12.803 [main] DEBUG o.e.j.u.component.AbstractLifeCycle - STARTED @3455ms ScheduledExecutorScheduler@56193c7d{STARTED}
17:34:12.803 [main] DEBUG o.e.j.u.component.AbstractLifeCycle - starting HttpConnectionFactory@6a9287b1[HTTP/1.1]
17:34:12.803 [main] DEBUG o.e.j.u.component.AbstractLifeCycle - STARTED @3455ms HttpConnectionFactory@6a9287b1[HTTP/1.1]
17:34:12.803 [main] DEBUG o.e.j.u.component.AbstractLifeCycle - starting SelectorManager@ServerConnector@6c8a68c1{HTTP/1.1,[http/1.1]}{0.0.0.0:9998}
17:34:12.804 [main] DEBUG o.e.j.u.component.ContainerLifeCycle - EatWhatYouKill@6813a331/SelectorProducer@1bd81830/IDLE/p=false/JettyConnectorThreadPool[qtp2110558717]@7dcc91fd{STARTED,8<=8<=200,i=8,q=0}[ReservedThreadExecutor@7f9e1534{s=0/4,p=0}][pc=0,pic=0,pec=0,epc=0]@2020-09-27T17:34:12.804+01:00 added {SelectorProducer@1bd81830,POJO}
17:34:12.805 [main] DEBUG o.e.j.u.component.ContainerLifeCycle - EatWhatYouKill@6813a331/SelectorProducer@1bd81830/IDLE/p=false/JettyConnectorThreadPool[qtp2110558717]@7dcc91fd{STARTED,8<=8<=200,i=8,q=0}[ReservedThreadExecutor@7f9e1534{s=0/4,p=0}][pc=0,pic=0,pec=0,epc=0]@2020-09-27T17:34:12.804+01:00 added {JettyConnectorThreadPool[qtp2110558717]@7dcc91fd{STARTED,8<=8<=200,i=8,q=0}[ReservedThreadExecutor@7f9e1534{s=0/4,p=0}],UNMANAGED}
17:34:12.805 [main] DEBUG o.e.j.u.t.strategy.EatWhatYouKill - EatWhatYouKill@6813a331/SelectorProducer@1bd81830/IDLE/p=false/JettyConnectorThreadPool[qtp2110558717]@7dcc91fd{STARTED,8<=8<=200,i=8,q=0}[ReservedThreadExecutor@7f9e1534{s=0/4,p=0}][pc=0,pic=0,pec=0,epc=0]@2020-09-27T17:34:12.805+01:00 created
17:34:12.805 [main] DEBUG o.e.j.u.component.ContainerLifeCycle - ManagedSelector@39ab59f8{STOPPED} id=0 keys=-1 selected=-1 updates=0 added {EatWhatYouKill@6813a331/SelectorProducer@1bd81830/IDLE/p=false/JettyConnectorThreadPool[qtp2110558717]@7dcc91fd{STARTED,8<=8<=200,i=8,q=0}[ReservedThreadExecutor@7f9e1534{s=0/4,p=0}][pc=0,pic=0,pec=0,epc=0]@2020-09-27T17:34:12.805+01:00,MANAGED}
17:34:12.806 [main] DEBUG o.e.j.u.component.ContainerLifeCycle - SelectorManager@ServerConnector@6c8a68c1{HTTP/1.1,[http/1.1]}{0.0.0.0:9998} added {ManagedSelector@39ab59f8{STOPPED} id=0 keys=-1 selected=-1 updates=0,AUTO}
17:34:12.806 [main] DEBUG o.e.j.u.component.ContainerLifeCycle - EatWhatYouKill@64e92d61/SelectorProducer@111610e6/IDLE/p=false/JettyConnectorThreadPool[qtp2110558717]@7dcc91fd{STARTED,8<=8<=200,i=8,q=0}[ReservedThreadExecutor@7f9e1534{s=0/4,p=0}][pc=0,pic=0,pec=0,epc=0]@2020-09-27T17:34:12.806+01:00 added {SelectorProducer@111610e6,POJO}
17:34:12.807 [main] DEBUG o.e.j.u.component.ContainerLifeCycle - EatWhatYouKill@64e92d61/SelectorProducer@111610e6/IDLE/p=false/JettyConnectorThreadPool[qtp2110558717]@7dcc91fd{STARTED,8<=8<=200,i=8,q=0}[ReservedThreadExecutor@7f9e1534{s=0/4,p=0}][pc=0,pic=0,pec=0,epc=0]@2020-09-27T17:34:12.807+01:00 added {JettyConnectorThreadPool[qtp2110558717]@7dcc91fd{STARTED,8<=8<=200,i=8,q=0}[ReservedThreadExecutor@7f9e1534{s=0/4,p=0}],UNMANAGED}
17:34:12.808 [main] DEBUG o.e.j.u.t.strategy.EatWhatYouKill - EatWhatYouKill@64e92d61/SelectorProducer@111610e6/IDLE/p=false/JettyConnectorThreadPool[qtp2110558717]@7dcc91fd{STARTED,8<=8<=200,i=8,q=0}[ReservedThreadExecutor@7f9e1534{s=0/4,p=0}][pc=0,pic=0,pec=0,epc=0]@2020-09-27T17:34:12.808+01:00 created
17:34:12.809 [main] DEBUG o.e.j.u.component.ContainerLifeCycle - ManagedSelector@4ad4936c{STOPPED} id=1 keys=-1 selected=-1 updates=0 added {EatWhatYouKill@64e92d61/SelectorProducer@111610e6/IDLE/p=false/JettyConnectorThreadPool[qtp2110558717]@7dcc91fd{STARTED,8<=8<=200,i=8,q=0}[ReservedThreadExecutor@7f9e1534{s=0/4,p=0}][pc=0,pic=0,pec=0,epc=0]@2020-09-27T17:34:12.808+01:00,MANAGED}
17:34:12.811 [main] DEBUG o.e.j.u.component.ContainerLifeCycle - SelectorManager@ServerConnector@6c8a68c1{HTTP/1.1,[http/1.1]}{0.0.0.0:9998} added {ManagedSelector@4ad4936c{STOPPED} id=1 keys=-1 selected=-1 updates=0,AUTO}
17:34:12.812 [main] DEBUG o.e.j.u.component.AbstractLifeCycle - starting ManagedSelector@39ab59f8{STOPPED} id=0 keys=-1 selected=-1 updates=0
17:34:12.814 [main] DEBUG o.e.j.u.component.AbstractLifeCycle - starting EatWhatYouKill@6813a331/SelectorProducer@1bd81830/IDLE/p=false/JettyConnectorThreadPool[qtp2110558717]@7dcc91fd{STARTED,8<=8<=200,i=8,q=0}[ReservedThreadExecutor@7f9e1534{s=0/4,p=0}][pc=0,pic=0,pec=0,epc=0]@2020-09-27T17:34:12.813+01:00
17:34:12.815 [main] DEBUG o.e.j.u.component.AbstractLifeCycle - STARTED @3466ms EatWhatYouKill@6813a331/SelectorProducer@1bd81830/IDLE/p=false/JettyConnectorThreadPool[qtp2110558717]@7dcc91fd{STARTED,8<=8<=200,i=8,q=0}[ReservedThreadExecutor@7f9e1534{s=0/4,p=0}][pc=0,pic=0,pec=0,epc=0]@2020-09-27T17:34:12.815+01:00
17:34:12.815 [main] DEBUG o.e.j.util.thread.QueuedThreadPool - queue org.eclipse.jetty.io.ManagedSelector$$Lambda$175/1736293769@29d37757
17:34:12.816 [qtp2110558717-22] DEBUG o.e.j.util.thread.QueuedThreadPool - run org.eclipse.jetty.io.ManagedSelector$$Lambda$175/1736293769@29d37757
17:34:12.816 [main] DEBUG org.eclipse.jetty.io.ManagedSelector - Queued change org.eclipse.jetty.io.ManagedSelector$Start@4fcc529 on ManagedSelector@39ab59f8{STARTING} id=0 keys=0 selected=0 updates=0
17:34:12.817 [qtp2110558717-22] DEBUG o.e.j.u.t.strategy.EatWhatYouKill - EatWhatYouKill@6813a331/SelectorProducer@1bd81830/IDLE/p=false/JettyConnectorThreadPool[qtp2110558717]@7dcc91fd{STARTED,8<=8<=200,i=7,q=0}[ReservedThreadExecutor@7f9e1534{s=0/4,p=0}][pc=0,pic=0,pec=0,epc=0]@2020-09-27T17:34:12.817+01:00 tryProduce false
17:34:12.817 [qtp2110558717-22] DEBUG org.eclipse.jetty.io.ManagedSelector - updateable 1
17:34:12.817 [qtp2110558717-22] DEBUG org.eclipse.jetty.io.ManagedSelector - update org.eclipse.jetty.io.ManagedSelector$Start@4fcc529
17:34:12.817 [qtp2110558717-22] DEBUG org.eclipse.jetty.io.ManagedSelector - updates 0
17:34:12.817 [qtp2110558717-22] DEBUG org.eclipse.jetty.io.ManagedSelector - Selector sun.nio.ch.KQueueSelectorImpl@1417eae5 waiting with 0 keys
17:34:12.822 [main] DEBUG o.e.j.u.component.AbstractLifeCycle - STARTED @3473ms ManagedSelector@39ab59f8{STARTED} id=0 keys=0 selected=0 updates=0
17:34:12.822 [main] DEBUG o.e.j.u.component.AbstractLifeCycle - starting ManagedSelector@4ad4936c{STOPPED} id=1 keys=-1 selected=-1 updates=0
17:34:12.822 [main] DEBUG o.e.j.u.component.AbstractLifeCycle - starting EatWhatYouKill@64e92d61/SelectorProducer@111610e6/IDLE/p=false/JettyConnectorThreadPool[qtp2110558717]@7dcc91fd{STARTED,8<=8<=200,i=7,q=0}[ReservedThreadExecutor@7f9e1534{s=0/4,p=0}][pc=0,pic=0,pec=0,epc=0]@2020-09-27T17:34:12.822+01:00
17:34:12.822 [main] DEBUG o.e.j.u.component.AbstractLifeCycle - STARTED @3474ms EatWhatYouKill@64e92d61/SelectorProducer@111610e6/IDLE/p=false/JettyConnectorThreadPool[qtp2110558717]@7dcc91fd{STARTED,8<=8<=200,i=7,q=0}[ReservedThreadExecutor@7f9e1534{s=0/4,p=0}][pc=0,pic=0,pec=0,epc=0]@2020-09-27T17:34:12.822+01:00
17:34:12.823 [main] DEBUG o.e.j.util.thread.QueuedThreadPool - queue org.eclipse.jetty.io.ManagedSelector$$Lambda$175/1736293769@25cc7470
17:34:12.823 [main] DEBUG org.eclipse.jetty.io.ManagedSelector - Queued change org.eclipse.jetty.io.ManagedSelector$Start@4beddc56 on ManagedSelector@4ad4936c{STARTING} id=1 keys=0 selected=0 updates=0
17:34:12.823 [qtp2110558717-23] DEBUG o.e.j.util.thread.QueuedThreadPool - run org.eclipse.jetty.io.ManagedSelector$$Lambda$175/1736293769@25cc7470
17:34:12.823 [qtp2110558717-23] DEBUG o.e.j.u.t.strategy.EatWhatYouKill - EatWhatYouKill@64e92d61/SelectorProducer@111610e6/IDLE/p=false/JettyConnectorThreadPool[qtp2110558717]@7dcc91fd{STARTED,8<=8<=200,i=6,q=0}[ReservedThreadExecutor@7f9e1534{s=0/4,p=0}][pc=0,pic=0,pec=0,epc=0]@2020-09-27T17:34:12.823+01:00 tryProduce false
17:34:12.823 [qtp2110558717-23] DEBUG org.eclipse.jetty.io.ManagedSelector - updateable 1
17:34:12.823 [qtp2110558717-23] DEBUG org.eclipse.jetty.io.ManagedSelector - update org.eclipse.jetty.io.ManagedSelector$Start@4beddc56
17:34:12.824 [qtp2110558717-23] DEBUG org.eclipse.jetty.io.ManagedSelector - updates 0
17:34:12.824 [qtp2110558717-23] DEBUG org.eclipse.jetty.io.ManagedSelector - Selector sun.nio.ch.KQueueSelectorImpl@793dbc25 waiting with 0 keys
17:34:12.824 [main] DEBUG o.e.j.u.component.AbstractLifeCycle - STARTED @3475ms ManagedSelector@4ad4936c{STARTED} id=1 keys=0 selected=0 updates=0
17:34:12.824 [main] DEBUG o.e.j.u.component.AbstractLifeCycle - STARTED @3476ms SelectorManager@ServerConnector@6c8a68c1{HTTP/1.1,[http/1.1]}{0.0.0.0:9998}
17:34:12.824 [main] DEBUG o.e.j.u.component.ContainerLifeCycle - ServerConnector@6c8a68c1{HTTP/1.1,[http/1.1]}{0.0.0.0:9998} added {acceptor-0@79b663b3,POJO}
17:34:12.824 [main] DEBUG o.e.j.util.thread.QueuedThreadPool - queue acceptor-0@79b663b3
17:34:12.824 [qtp2110558717-24] DEBUG o.e.j.util.thread.QueuedThreadPool - run acceptor-0@79b663b3
[...]
17:34:14.967 [qtp1703040426-77] DEBUG org.eclipse.jetty.io.ChannelEndPoint - Key interests updated 0 -> 1 on SocketChannelEndPoint@78ed078d{/127.0.0.1:55190<->/127.0.0.1:9998,OPEN,fill=FI,flush=-,to=0/30000}{io=1/1,kio=1,kro=1}->HttpConnection@275654db[p=HttpParser{s=START,0 of -1},g=HttpGenerator@66abb37{s=START}]=>HttpChannelOverHttp@72156cfd{r=1,c=false,c=false/false,a=IDLE,uri=null,age=0}
17:34:14.967 [qtp1703040426-77] DEBUG org.eclipse.jetty.io.ManagedSelector - updates 0
17:34:14.967 [qtp1703040426-77] DEBUG org.eclipse.jetty.io.ManagedSelector - Selector sun.nio.ch.KQueueSelectorImpl@550b986e waiting with 1 keys
17:34:15.006 [main] DEBUG o.e.j.u.component.AbstractLifeCycle - stopping Server@25290bca{STARTED}[9.4.17.v20190418]
17:34:15.007 [main] DEBUG org.eclipse.jetty.server.Server - doStop Server@25290bca{STOPPING}[9.4.17.v20190418]
17:34:15.007 [qtp1703040426-78] DEBUG o.e.j.util.thread.QueuedThreadPool - ran qtp1703040426-78-acceptor-0@46c269e0-ServerConnector@3d904e9c{HTTP/1.1,[http/1.1]}{0.0.0.0:9998}
17:34:15.007 [main] DEBUG o.e.j.s.h.AbstractHandlerContainer - Graceful shutdown Server@25290bca{STOPPING}[9.4.17.v20190418] by 
17:34:15.008 [main] DEBUG o.e.j.u.component.AbstractLifeCycle - stopping ServerConnector@3d904e9c{HTTP/1.1,[http/1.1]}{0.0.0.0:9998}
17:34:15.008 [main] DEBUG o.e.j.u.component.AbstractLifeCycle - stopping SelectorManager@ServerConnector@3d904e9c{HTTP/1.1,[http/1.1]}{0.0.0.0:9998}
17:34:15.008 [main] DEBUG o.e.j.u.component.AbstractLifeCycle - stopping ManagedSelector@7b6860f9{STARTED} id=1 keys=1 selected=0 updates=0
17:34:15.008 [main] DEBUG org.eclipse.jetty.io.ManagedSelector - Queued change org.eclipse.jetty.io.ManagedSelector$CloseConnections@6573d2f7 on ManagedSelector@7b6860f9{STOPPING} id=1 keys=1 selected=0 updates=0
17:34:15.008 [main] DEBUG org.eclipse.jetty.io.ManagedSelector - Wakeup on submit ManagedSelector@7b6860f9{STOPPING} id=1 keys=1 selected=0 updates=1
17:34:15.008 [qtp1703040426-77] DEBUG org.eclipse.jetty.io.ManagedSelector - Selector sun.nio.ch.KQueueSelectorImpl@550b986e woken with none selected
17:34:15.008 [qtp1703040426-77] DEBUG org.eclipse.jetty.io.ManagedSelector - Selector sun.nio.ch.KQueueSelectorImpl@550b986e woken up from select, 0/0/1 selected
17:34:15.008 [qtp1703040426-77] DEBUG org.eclipse.jetty.io.ManagedSelector - Selector sun.nio.ch.KQueueSelectorImpl@550b986e processing 0 keys, 1 updates
17:34:15.008 [qtp1703040426-77] DEBUG org.eclipse.jetty.io.ManagedSelector - updateable 1
17:34:15.008 [qtp1703040426-77] DEBUG org.eclipse.jetty.io.ManagedSelector - update org.eclipse.jetty.io.ManagedSelector$CloseConnections@6573d2f7
17:34:15.008 [qtp1703040426-77] DEBUG org.eclipse.jetty.io.ManagedSelector - Closing 1 connections on ManagedSelector@7b6860f9{STOPPING} id=1 keys=1 selected=0 updates=0
17:34:15.009 [qtp1703040426-77] DEBUG o.eclipse.jetty.io.AbstractEndPoint - close SocketChannelEndPoint@78ed078d{/127.0.0.1:55190<->/127.0.0.1:9998,OPEN,fill=FI,flush=-,to=42/30000}{io=1/1,kio=1,kro=1}->HttpConnection@275654db[p=HttpParser{s=START,0 of -1},g=HttpGenerator@66abb37{s=START}]=>HttpChannelOverHttp@72156cfd{r=1,c=false,c=false/false,a=IDLE,uri=null,age=0}
17:34:15.009 [qtp1703040426-77] DEBUG o.eclipse.jetty.io.AbstractEndPoint - close(null) SocketChannelEndPoint@78ed078d{/127.0.0.1:55190<->/127.0.0.1:9998,OPEN,fill=FI,flush=-,to=43/30000}{io=1/1,kio=1,kro=1}->HttpConnection@275654db[p=HttpParser{s=START,0 of -1},g=HttpGenerator@66abb37{s=START}]=>HttpChannelOverHttp@72156cfd{r=1,c=false,c=false/false,a=IDLE,uri=null,age=0}
17:34:15.009 [qtp1703040426-77] DEBUG org.eclipse.jetty.io.ChannelEndPoint - doClose SocketChannelEndPoint@78ed078d{/127.0.0.1:55190<->/127.0.0.1:9998,CLOSED,fill=FI,flush=-,to=43/30000}{io=1/1,kio=1,kro=1}->HttpConnection@275654db[p=HttpParser{s=START,0 of -1},g=HttpGenerator@66abb37{s=START}]=>HttpChannelOverHttp@72156cfd{r=1,c=false,c=false/false,a=IDLE,uri=null,age=0}
17:34:15.009 [qtp1703040426-77] DEBUG org.eclipse.jetty.io.WriteFlusher - ignored: WriteFlusher@6a7a8b0{IDLE}->null
java.nio.channels.ClosedChannelException: null
	at org.eclipse.jetty.io.WriteFlusher.onClose(WriteFlusher.java:492)
	at org.eclipse.jetty.io.AbstractEndPoint.onClose(AbstractEndPoint.java:353)
	at org.eclipse.jetty.io.ChannelEndPoint.onClose(ChannelEndPoint.java:215)
	at org.eclipse.jetty.io.AbstractEndPoint.doOnClose(AbstractEndPoint.java:225)
	at org.eclipse.jetty.io.AbstractEndPoint.close(AbstractEndPoint.java:192)
	at org.eclipse.jetty.io.AbstractEndPoint.close(AbstractEndPoint.java:175)
	at org.eclipse.jetty.io.AbstractConnection.close(AbstractConnection.java:248)
	at org.eclipse.jetty.io.ManagedSelector.closeNoExceptions(ManagedSelector.java:252)
	at org.eclipse.jetty.io.ManagedSelector.access$1400(ManagedSelector.java:61)
	at org.eclipse.jetty.io.ManagedSelector$CloseConnections.update(ManagedSelector.java:866)
	at org.eclipse.jetty.io.ManagedSelector$SelectorProducer.processUpdates(ManagedSelector.java:426)
	at org.eclipse.jetty.io.ManagedSelector$SelectorProducer.produce(ManagedSelector.java:397)
	at org.eclipse.jetty.util.thread.strategy.EatWhatYouKill.produceTask(EatWhatYouKill.java:357)
	at org.eclipse.jetty.util.thread.strategy.EatWhatYouKill.doProduce(EatWhatYouKill.java:181)
	at org.eclipse.jetty.util.thread.strategy.EatWhatYouKill.tryProduce(EatWhatYouKill.java:168)
	at org.eclipse.jetty.util.thread.strategy.EatWhatYouKill.produce(EatWhatYouKill.java:132)
	at org.eclipse.jetty.util.thread.QueuedThreadPool.runJob(QueuedThreadPool.java:786)
	at org.eclipse.jetty.util.thread.QueuedThreadPool$2.run(QueuedThreadPool.java:743)
	at java.lang.Thread.run(Thread.java:748)
17:34:15.009 [qtp1703040426-77] DEBUG org.eclipse.jetty.io.FillInterest - onClose FillInterest@5fc15d83{AC.ReadCB@275654db{HttpConnection@275654db::SocketChannelEndPoint@78ed078d{/127.0.0.1:55190<->/127.0.0.1:9998,CLOSED,fill=FI,flush=-,to=43/30000}{io=1/1,kio=-1,kro=-1}->HttpConnection@275654db[p=HttpParser{s=START,0 of -1},g=HttpGenerator@66abb37{s=START}]=>HttpChannelOverHttp@72156cfd{r=1,c=false,c=false/false,a=IDLE,uri=null,age=0}}}
17:34:15.009 [qtp1703040426-77] DEBUG org.eclipse.jetty.http.HttpParser - close HttpParser{s=START,0 of -1}
17:34:15.010 [qtp1703040426-77] DEBUG org.eclipse.jetty.http.HttpParser - START --> CLOSE
17:34:15.010 [qtp1703040426-77] DEBUG o.e.jetty.io.AbstractConnection - HttpConnection@275654db::SocketChannelEndPoint@78ed078d{/127.0.0.1:55190<->/127.0.0.1:9998,CLOSED,fill=-,flush=-,to=44/30000}{io=1/1,kio=-1,kro=-1}->HttpConnection@275654db[p=HttpParser{s=CLOSE,0 of -1},g=HttpGenerator@66abb37{s=START}]=>HttpChannelOverHttp@72156cfd{r=1,c=false,c=false/false,a=IDLE,uri=null,age=0} onFillInterestedFailed {}
17:34:15.010 [qtp1703040426-77] DEBUG org.eclipse.jetty.io.ManagedSelector - Wakeup ManagedSelector@7b6860f9{STOPPING} id=1 keys=1 selected=0 updates=0
17:34:15.010 [qtp1703040426-77] DEBUG o.e.j.util.thread.QueuedThreadPool - queue org.eclipse.jetty.io.ManagedSelector$DestroyEndPoint@1af17684
17:34:15.010 [qtp1703040426-77] DEBUG org.eclipse.jetty.io.ManagedSelector - updates 0
17:34:15.010 [qtp1703040426-77] DEBUG org.eclipse.jetty.io.ManagedSelector - Selector sun.nio.ch.KQueueSelectorImpl@550b986e waiting with 1 keys
17:34:15.010 [qtp1703040426-82] DEBUG o.e.j.util.thread.QueuedThreadPool - run org.eclipse.jetty.io.ManagedSelector$DestroyEndPoint@1af17684
17:34:15.010 [main] DEBUG org.eclipse.jetty.io.ManagedSelector - Queued change org.eclipse.jetty.io.ManagedSelector$StopSelector@4052c8c2 on ManagedSelector@7b6860f9{STOPPING} id=1 keys=0 selected=0 updates=0
17:34:15.010 [qtp1703040426-82] DEBUG org.eclipse.jetty.io.ManagedSelector - Destroyed SocketChannelEndPoint@78ed078d{/127.0.0.1:55190<->/127.0.0.1:9998,CLOSED,fill=-,flush=-,to=44/30000}{io=1/1,kio=-1,kro=-1}->HttpConnection@275654db[p=HttpParser{s=CLOSE,0 of -1},g=HttpGenerator@66abb37{s=START}]=>HttpChannelOverHttp@72156cfd{r=1,c=false,c=false/false,a=IDLE,uri=null,age=0}
17:34:15.010 [qtp1703040426-82] DEBUG o.e.jetty.io.AbstractConnection - onClose HttpConnection@275654db::SocketChannelEndPoint@78ed078d{/127.0.0.1:55190<->/127.0.0.1:9998,CLOSED,fill=-,flush=-,to=44/30000}{io=1/1,kio=-1,kro=-1}->HttpConnection@275654db[p=HttpParser{s=CLOSE,0 of -1},g=HttpGenerator@66abb37{s=START}]=>HttpChannelOverHttp@72156cfd{r=1,c=false,c=false/false,a=IDLE,uri=null,age=0}
17:34:15.011 [qtp1703040426-82] DEBUG o.e.j.util.thread.QueuedThreadPool - ran org.eclipse.jetty.io.ManagedSelector$DestroyEndPoint@1af17684
17:34:15.011 [main] DEBUG org.eclipse.jetty.io.ManagedSelector - Wakeup on submit ManagedSelector@7b6860f9{STOPPING} id=1 keys=0 selected=0 updates=1
17:34:15.011 [qtp1703040426-77] DEBUG org.eclipse.jetty.io.ManagedSelector - Selector sun.nio.ch.KQueueSelectorImpl@550b986e woken with none selected
17:34:15.011 [qtp1703040426-77] DEBUG org.eclipse.jetty.io.ManagedSelector - Selector sun.nio.ch.KQueueSelectorImpl@550b986e woken up from select, 0/0/0 selected
17:34:15.011 [qtp1703040426-77] DEBUG org.eclipse.jetty.io.ManagedSelector - Selector sun.nio.ch.KQueueSelectorImpl@550b986e processing 0 keys, 1 updates
17:34:15.011 [qtp1703040426-77] DEBUG org.eclipse.jetty.io.ManagedSelector - updateable 1
17:34:15.011 [qtp1703040426-77] DEBUG org.eclipse.jetty.io.ManagedSelector - update org.eclipse.jetty.io.ManagedSelector$StopSelector@4052c8c2
17:34:15.011 [qtp1703040426-77] DEBUG org.eclipse.jetty.io.ManagedSelector - updates 0
17:34:15.011 [qtp1703040426-77] DEBUG o.e.j.util.thread.QueuedThreadPool - ran org.eclipse.jetty.io.ManagedSelector$$Lambda$175/1736293769@262816a8
17:34:15.012 [main] DEBUG o.e.j.u.component.AbstractLifeCycle - stopping EatWhatYouKill@4fc3c165/SelectorProducer@10a0fe30/IDLE/p=false/JettyConnectorThreadPool[qtp1703040426]@658255aa{STARTED,8<=8<=200,i=6,q=0}[ReservedThreadExecutor@22a736d7{s=1/4,p=0}][pc=0,pic=0,pec=1,epc=0]@2020-09-27T17:34:15.011+01:00
17:34:15.015 [main] DEBUG o.e.j.u.component.AbstractLifeCycle - STOPPED EatWhatYouKill@4fc3c165/SelectorProducer@10a0fe30/IDLE/p=false/JettyConnectorThreadPool[qtp1703040426]@658255aa{STARTED,8<=8<=200,i=6,q=0}[ReservedThreadExecutor@22a736d7{s=1/4,p=0}][pc=0,pic=0,pec=1,epc=0]@2020-09-27T17:34:15.015+01:00
17:34:15.015 [main] DEBUG o.e.j.u.component.AbstractLifeCycle - STOPPED ManagedSelector@7b6860f9{STOPPED} id=1 keys=-1 selected=-1 updates=0
17:34:15.016 [main] DEBUG o.e.j.u.component.AbstractLifeCycle - stopping ManagedSelector@51c959a4{STARTED} id=0 keys=0 selected=0 updates=0
17:34:15.016 [main] DEBUG org.eclipse.jetty.io.ManagedSelector - Queued change org.eclipse.jetty.io.ManagedSelector$CloseConnections@181b8c4b on ManagedSelector@51c959a4{STOPPING} id=0 keys=0 selected=0 updates=0
17:34:15.016 [main] DEBUG org.eclipse.jetty.io.ManagedSelector - Wakeup on submit ManagedSelector@51c959a4{STOPPING} id=0 keys=0 selected=0 updates=1
17:34:15.017 [qtp1703040426-76] DEBUG org.eclipse.jetty.io.ManagedSelector - Selector sun.nio.ch.KQueueSelectorImpl@492f8d1f woken with none selected
17:34:15.017 [qtp1703040426-76] DEBUG org.eclipse.jetty.io.ManagedSelector - Selector sun.nio.ch.KQueueSelectorImpl@492f8d1f woken up from select, 0/0/0 selected
17:34:15.017 [qtp1703040426-76] DEBUG org.eclipse.jetty.io.ManagedSelector - Selector sun.nio.ch.KQueueSelectorImpl@492f8d1f processing 0 keys, 1 updates
17:34:15.017 [qtp1703040426-76] DEBUG org.eclipse.jetty.io.ManagedSelector - updateable 1
17:34:15.017 [qtp1703040426-76] DEBUG org.eclipse.jetty.io.ManagedSelector - update org.eclipse.jetty.io.ManagedSelector$CloseConnections@181b8c4b
17:34:15.017 [qtp1703040426-76] DEBUG org.eclipse.jetty.io.ManagedSelector - Closing 0 connections on ManagedSelector@51c959a4{STOPPING} id=0 keys=0 selected=0 updates=0
17:34:15.017 [qtp1703040426-76] DEBUG org.eclipse.jetty.io.ManagedSelector - updates 0
17:34:15.017 [qtp1703040426-76] DEBUG org.eclipse.jetty.io.ManagedSelector - Selector sun.nio.ch.KQueueSelectorImpl@492f8d1f waiting with 0 keys
17:34:15.018 [main] DEBUG org.eclipse.jetty.io.ManagedSelector - Queued change org.eclipse.jetty.io.ManagedSelector$StopSelector@38eb0f4d on ManagedSelector@51c959a4{STOPPING} id=0 keys=0 selected=0 updates=0
17:34:15.020 [main] DEBUG org.eclipse.jetty.io.ManagedSelector - Wakeup on submit ManagedSelector@51c959a4{STOPPING} id=0 keys=0 selected=0 updates=1
17:34:15.020 [qtp1703040426-76] DEBUG org.eclipse.jetty.io.ManagedSelector - Selector sun.nio.ch.KQueueSelectorImpl@492f8d1f woken with none selected
17:34:15.020 [qtp1703040426-76] DEBUG org.eclipse.jetty.io.ManagedSelector - Selector sun.nio.ch.KQueueSelectorImpl@492f8d1f woken up from select, 0/0/0 selected
17:34:15.020 [qtp1703040426-76] DEBUG org.eclipse.jetty.io.ManagedSelector - Selector sun.nio.ch.KQueueSelectorImpl@492f8d1f processing 0 keys, 1 updates
17:34:15.020 [qtp1703040426-76] DEBUG org.eclipse.jetty.io.ManagedSelector - updateable 1
17:34:15.020 [qtp1703040426-76] DEBUG org.eclipse.jetty.io.ManagedSelector - update org.eclipse.jetty.io.ManagedSelector$StopSelector@38eb0f4d
17:34:15.020 [qtp1703040426-76] DEBUG org.eclipse.jetty.io.ManagedSelector - updates 0
17:34:15.020 [qtp1703040426-76] DEBUG o.e.j.util.thread.QueuedThreadPool - ran org.eclipse.jetty.io.ManagedSelector$$Lambda$175/1736293769@60f70249
17:34:15.020 [main] DEBUG o.e.j.u.component.AbstractLifeCycle - stopping EatWhatYouKill@1229a2b7/SelectorProducer@e5cbff2/IDLE/p=false/JettyConnectorThreadPool[qtp1703040426]@658255aa{STARTED,8<=8<=200,i=7,q=0}[ReservedThreadExecutor@22a736d7{s=1/4,p=0}][pc=0,pic=0,pec=0,epc=0]@2020-09-27T17:34:15.02+01:00
17:34:15.021 [main] DEBUG o.e.j.u.component.AbstractLifeCycle - STOPPED EatWhatYouKill@1229a2b7/SelectorProducer@e5cbff2/IDLE/p=false/JettyConnectorThreadPool[qtp1703040426]@658255aa{STARTED,8<=8<=200,i=7,q=0}[ReservedThreadExecutor@22a736d7{s=1/4,p=0}][pc=0,pic=0,pec=0,epc=0]@2020-09-27T17:34:15.021+01:00
17:34:15.021 [main] DEBUG o.e.j.u.component.AbstractLifeCycle - STOPPED ManagedSelector@51c959a4{STOPPED} id=0 keys=-1 selected=-1 updates=0
17:34:15.021 [main] DEBUG o.e.j.u.component.AbstractLifeCycle - STOPPED SelectorManager@ServerConnector@3d904e9c{HTTP/1.1,[http/1.1]}{0.0.0.0:9998}
17:34:15.021 [main] DEBUG o.e.j.u.component.AbstractLifeCycle - stopping HttpConnectionFactory@76563d26[HTTP/1.1]
17:34:15.021 [main] DEBUG o.e.j.u.component.AbstractLifeCycle - STOPPED HttpConnectionFactory@76563d26[HTTP/1.1]
17:34:15.021 [main] DEBUG o.e.j.u.component.AbstractLifeCycle - stopping ScheduledExecutorScheduler@508a65bf{STARTED}
17:34:15.021 [main] DEBUG o.e.j.u.component.AbstractLifeCycle - STOPPED ScheduledExecutorScheduler@508a65bf{STOPPED}
17:34:15.021 [main] INFO  o.e.jetty.server.AbstractConnector - Stopped ServerConnector@3d904e9c{HTTP/1.1,[http/1.1]}{0.0.0.0:9998}
17:34:15.021 [main] DEBUG o.e.j.u.component.AbstractLifeCycle - STOPPED ServerConnector@3d904e9c{HTTP/1.1,[http/1.1]}{0.0.0.0:9998}
17:34:15.021 [main] DEBUG o.e.j.server.handler.AbstractHandler - stopping Server@25290bca{STOPPING}[9.4.17.v20190418]
17:34:15.021 [main] DEBUG o.e.j.u.component.AbstractLifeCycle - stopping ErrorHandler@210308d5{STARTED}
17:34:15.022 [main] DEBUG o.e.j.server.handler.AbstractHandler - stopping ErrorHandler@210308d5{STOPPING}
17:34:15.022 [main] DEBUG o.e.j.u.component.AbstractLifeCycle - STOPPED ErrorHandler@210308d5{STOPPED}
17:34:15.022 [main] DEBUG o.e.j.u.component.AbstractLifeCycle - stopping JettyHttpContainer@1e58512c{STARTED}
17:34:15.022 [main] DEBUG o.e.j.server.handler.AbstractHandler - stopping JettyHttpContainer@1e58512c{STOPPING}
17:34:15.025 [main] DEBUG o.e.j.u.component.AbstractLifeCycle - STOPPED JettyHttpContainer@1e58512c{STOPPED}
17:34:15.025 [main] DEBUG o.e.j.u.component.AbstractLifeCycle - stopping JettyConnectorThreadPool[qtp1703040426]@658255aa{STARTED,8<=8<=200,i=7,q=0}[ReservedThreadExecutor@22a736d7{s=1/4,p=0}]
17:34:15.025 [main] DEBUG o.e.j.util.thread.QueuedThreadPool - Stopping JettyConnectorThreadPool[qtp1703040426]@658255aa{STOPPING,8<=8<=200,i=7,q=0}[ReservedThreadExecutor@22a736d7{s=1/4,p=0}]
17:34:15.025 [main] DEBUG o.e.j.u.component.AbstractLifeCycle - stopping ReservedThreadExecutor@22a736d7{s=1/4,p=0}
17:34:15.025 [main] DEBUG o.e.j.u.t.ReservedThreadExecutor - ReservedThreadExecutor@22a736d7{s=0/4,p=0}@5ff3f31e offer STOP!
17:34:15.025 [main] DEBUG o.e.j.u.component.AbstractLifeCycle - STOPPED ReservedThreadExecutor@22a736d7{s=0/4,p=0}
17:34:15.025 [qtp1703040426-80] DEBUG o.e.j.u.t.ReservedThreadExecutor - ReservedThreadExecutor@22a736d7{s=0/4,p=0}@5ff3f31e task=STOP!
17:34:15.025 [main] DEBUG o.e.j.util.thread.QueuedThreadPool - Waiting for Thread[qtp1703040426-80,5,main] for 14999
17:34:15.025 [qtp1703040426-80] DEBUG o.e.j.u.t.ReservedThreadExecutor - ReservedThreadExecutor@22a736d7{s=0/4,p=0}@5ff3f31e Exited
17:34:15.025 [qtp1703040426-83] DEBUG o.e.j.util.thread.QueuedThreadPool - run org.eclipse.jetty.util.thread.QueuedThreadPool$$Lambda$264/1914615775@5e9a99b4
17:34:15.025 [qtp1703040426-80] DEBUG o.e.j.util.thread.QueuedThreadPool - ran ReservedThreadExecutor@22a736d7{s=0/4,p=0}@5ff3f31e
17:34:15.025 [qtp1703040426-81] DEBUG o.e.j.util.thread.QueuedThreadPool - run org.eclipse.jetty.util.thread.QueuedThreadPool$$Lambda$264/1914615775@5e9a99b4
17:34:15.025 [qtp1703040426-79] DEBUG o.e.j.util.thread.QueuedThreadPool - run org.eclipse.jetty.util.thread.QueuedThreadPool$$Lambda$264/1914615775@5e9a99b4
17:34:15.025 [qtp1703040426-78] DEBUG o.e.j.util.thread.QueuedThreadPool - run org.eclipse.jetty.util.thread.QueuedThreadPool$$Lambda$264/1914615775@5e9a99b4
17:34:15.025 [qtp1703040426-82] DEBUG o.e.j.util.thread.QueuedThreadPool - run org.eclipse.jetty.util.thread.QueuedThreadPool$$Lambda$264/1914615775@5e9a99b4
17:34:15.025 [qtp1703040426-77] DEBUG o.e.j.util.thread.QueuedThreadPool - run org.eclipse.jetty.util.thread.QueuedThreadPool$$Lambda$264/1914615775@5e9a99b4
17:34:15.025 [qtp1703040426-83] DEBUG o.e.j.util.thread.QueuedThreadPool - ran org.eclipse.jetty.util.thread.QueuedThreadPool$$Lambda$264/1914615775@5e9a99b4
17:34:15.025 [qtp1703040426-76] DEBUG o.e.j.util.thread.QueuedThreadPool - run org.eclipse.jetty.util.thread.QueuedThreadPool$$Lambda$264/1914615775@5e9a99b4
17:34:15.025 [qtp1703040426-76] DEBUG o.e.j.util.thread.QueuedThreadPool - ran org.eclipse.jetty.util.thread.QueuedThreadPool$$Lambda$264/1914615775@5e9a99b4
17:34:15.025 [qtp1703040426-81] DEBUG o.e.j.util.thread.QueuedThreadPool - ran org.eclipse.jetty.util.thread.QueuedThreadPool$$Lambda$264/1914615775@5e9a99b4
17:34:15.025 [qtp1703040426-79] DEBUG o.e.j.util.thread.QueuedThreadPool - ran org.eclipse.jetty.util.thread.QueuedThreadPool$$Lambda$264/1914615775@5e9a99b4
17:34:15.025 [qtp1703040426-78] DEBUG o.e.j.util.thread.QueuedThreadPool - ran org.eclipse.jetty.util.thread.QueuedThreadPool$$Lambda$264/1914615775@5e9a99b4
17:34:15.025 [qtp1703040426-82] DEBUG o.e.j.util.thread.QueuedThreadPool - ran org.eclipse.jetty.util.thread.QueuedThreadPool$$Lambda$264/1914615775@5e9a99b4
17:34:15.025 [qtp1703040426-77] DEBUG o.e.j.util.thread.QueuedThreadPool - ran org.eclipse.jetty.util.thread.QueuedThreadPool$$Lambda$264/1914615775@5e9a99b4
17:34:15.026 [main] DEBUG o.e.j.util.thread.QueuedThreadPool - Waiting for Thread[qtp1703040426-78,5,] for 14999
17:34:15.034 [main] DEBUG o.e.j.u.component.AbstractLifeCycle - STOPPED JettyConnectorThreadPool[qtp1703040426]@658255aa{STOPPED,8<=0<=200,i=0,q=0}[org.eclipse.jetty.util.thread.TryExecutor$$Lambda$157/1967617997@759fad4]
17:34:15.034 [main] DEBUG o.e.j.u.component.AbstractLifeCycle - STOPPED Server@25290bca{STOPPED}[9.4.17.v20190418]
]]></system-out>
    <system-err><![CDATA[Sep 27, 2020 5:34:14 PM org.glassfish.jersey.test.jetty.JettyTestContainerFactory$JettyTestContainer <init>
INFO: Creating JettyTestContainer configured at the base URI http://localhost:9998/
]]></system-err>
  </testcase>
</testsuite>